18
19
63
36
70
809
19
11
1051
27
35
76
68
216
61
564
647
1804
25
8
30
77
2
24
475
38
15
70
17
11
2656
58
37
180
831
6
379
1
49
1237
24
968
1907
65
121
303
898
48
71
1361
6
47
460
2071
6
1810
2937
58
17
9
632
1
1
9
283
12
83
29
1
70
1425
51
27
1223
1116
8
13
33
158
9
10
7
1648
25
5
480
148
87
10
20
23
570
42
41
10
61
1232
30
36
17
8
25
78
4
112
20
24
1962
838
1131
1560
20
60
2960
656
3
299
75
7
32
44
2002
503
11
2001
2221
537
305
196
30
38
4
990
2
36
36
1381
368
2148
68
1095
26
29
331
666
25
1
56
580
34
73
11
2309
2
92
5
50
340
287
41
709
27
79
42
3210
36
75
80
302
46
200
1
35
14
53
36
25
50
2292
22
20
3
31
16
609
3
22
103
14
167
39
12
597
503
668
24
819
369
28
27
1703
44
16
1734
39
65
3
550
175
2694
79
83
680
1
67
29
50
20
1978
2
37
51
31
58
7
42
674
18
30
2580
56
26
1
5
24
8
2005
642
38
40
1219
18
8
17
19
23
9
40
40
36
838
57
4
150
37
2317
508
15
1503
86
280
420
254
133
8
8
2409
79
18
26
36
19
13
1686
2687
544
16
202
35
5
788
36
378
671
94
1878
367
51
868
22
63
7
2
648
13
666
6
6
170
15
1442
5
57
8
16
12
24
97
2774
2
902
621
907
3
50
1289
6
78
110
39
25
7
123
32
2
541
1165
23
10
2
7
65
52
2203
5
26
38
666
318
4
8
113
720
1
34
531
35
31
1115
74
33
22
14
237
11
51
25
5
215
47
10
7
6
56
1273
1
39
476
26
252
2
2
49
40
27
292
2
48
174
13
7
243
26
335
3
75
15
12
30
371
1247
155
10
1458
39
713
1853
512
4
29
24
661
5
810
3
43
4
1775
128
12
9
2
504
36
25
68
2227
46
45
18
29
3189
34
954
31
8
113
796
712
23
46
25
127
5
29
2
11
4
19
47
51
21
3000
998
72
629
76
19
2
73
40
427
10
11
91
164
458
5
12
47
1812
23
51
22
1
7
11
6
989
22
322
7
1479
37
7
20
6
1968
6
8
31
543
1588
24
29
4
2734
35
1208
34
1408
10
7
65
1171
151
1840
685
517
56
2570
1057
275
36
2129
26
301
231
13
13
1409
63
77
20
823
16
1101
20
403
3
658
366
48
766
3
1653
2148
7
4
2887
33
254
32
38
9
47
3
28
847
2103
3144
6
459
1252
282
1745
15
1627
48
1248
8
21
20
31
3287
170
105
17
5
1172
92
2615
46
22
8
2971
22
911
27
191
55
75
146
1025
1564
3
1404
1829
24
41
1
22
1003
46
2595
25
24
1827
2176
1
1411
33
1
1868
44
275
2008
676
8
217
22
5
524
1
1
25
45
81
13
78
9
290
2039
1078
12
2
23
1
16
2096
415
1871
2
7
41
195
6
2718
29
12
375
18
52
1633
8
38
1390
50
536
232
5
87
1181
44
80
32
83
7
643
1016
1
4
49
162
58
1832
3
5
13
624
59
4
61
464
29
38
14
2017
2956
26
14
391
54
2754
30
18
7
1199
363
17
78
27
509
19
283
1816
71
36
20
44
2663
82
1443
54
547
1731
1
8
10
5
133
420
460
399
37
391
41
33
1815
83
805
100
10
2105
18
19
30
41
2445
2562
617
1127
41
17
653
6
22
14
244
19
1826
2514
6
13
2
768
913
25
3
1
874
4
56
74
13
78
9
30
41
4
1
24
367
39
57
4
5
38
83
23
290
51
5
1409
66
20
6
56
71
150
1027
63
84
9
22
313
28
15
447
551
492
40
21
9
81
77
5
28
70
305
76
138
7
31
79
18
73
150
368
30
2
25
96
1328
2136
855
23
749
160
17
32
1
901
36
12
243
8
982
53
6
161
9
39
581
61
7
24
271
1404
4
1
54
3
1229
2177
191
1236
1330
3
31
49
90
9
172
53
1
1
1409
7
33
1735
26
72
72
37
1631
16
21
51
214
1
16
5
5
40
77
718
1
67
66
1260
1474
645
3194
26
3
9
2291
15
932
12
10
9
1178
1545
22
58
988
41
118
34
16
44
16
35
2799
8
14
23
492
2718
1109
1521
36
66
74
31
26
12
1431
2
1555
40
17
44
14
763
1146
8
16
13
613
362
67
997
7
2
1952
58
24
23
44
69
1166
63
41
950
890
1382
1171
147
11
1096
556
744
27
2
6
2
1939
51
171
3
400
37
269
59
1333
9
70
41
289
69
1973
8
10
18
2
489
52
2
56
83
452
31
1256
70
2179
3
15
80
2
91
1156
47
1
20
191
65
19
5
9
1
198
127
204
193
427
21
173
126
13
893
21
8
19
61
6
11
81
20
3
45
99
1468
4
35
24
60
2272
15
2219
82
1
490
2208
64
37
8
1
46
25
50
76
20
21
164
125
53
239
136
1245
2128
18
32
367
851
74
1750
18
21
908
1330
82
663
28
1897
29
3
10
7
53
567
20
10
32
6
24
1977
90
196
77
391
3158
27
4
309
2590
6
11
314
1610
1179
19
11
7
7
17
26
26
1074
28
367
1735
23
625
2525
114
7
10
44
996
890
4
456
3
868
34
19
19
68
5
2532
2
24
21
33
32
3
36
20
21
23
36
25
143
26
49
1255
428
20
17
2380
415
23
881
21
16
1
27
36
438
79
30
4
62
61
189
9
4
139
26
15
6
7
1246
321
1521
5
53
1007
6
81
26
1172
4
15
24
25
1120
29
26
42
127
41
50
524
776
22
20
733
215
58
482
15
13
1
488
30
77
36
426
6
6
612
201
6
77
364
738
21
278
9
9
27
2
1084
78
148
649
46
2034
1020
1249
793
41
26
848
28
2827
5
1
1399
1262
795
1963
1323
59
15
29
41
19
5
3
1726
12
40
33
31
14
12
3
58
31
318
13
133
211
46
2
2435
1
640
41
10
57
6
72
45
10
5
909
58
4
23
914
13
547
3096
3
179
30
5
17
86
1331
8
55
39
7
28
5
53
2245
1573
76
892
1116
86
2916
235
36
722
286
49
8
19
1
15
74
41
39
706
66
1746
7
3362
2
51
26
22
18
738
9
3
1994
3
1704
39
931
25
39
31
35
5
232
11
2157
18
12
85
70
7
2
37
19
77
34
2369
38
7
17
1139
18
8
20
9
249
136
595
316
50
47
45
3095
15
48
120
799
56
25
6
2611
1769
559
5
50
752
17
737
2
7
23
1032
12
2690
16
89
25
664
379
1038
11
567
42
5
22
12
20
14
14
905
1
29
610
39
11
63
9
45
32
22
2
6
38
6
613
11
11
287
76
9
58
6
208
67
1099
955
16
6
535
5
117
9
30
29
1746
1647
74
25
5
54
2267
6
79
33
1
2432
61
9
12
369
11
90
13
392
70
81
4
2807
61
6
1168
40
233
3
1987
29
13
167
1336
53
3
7
59
15
18
6
4
11
39
2614
471
63
19
572
3016
38
2424
21
83
1033
31
211
6
833
16
17
332
75
1900
52
1518
1
25
3
1430
26
4
1382
455
6
72
27
978
48
27
116
33
2
16
1390
29
9
1876
10
8
7
47
70
29
299
27
844
42
68
20
11
24
194
11
585
2730
8
2354
12
6
606
18
4
939
70
38
1545
1158
453
1962
15
29
4
455
143
58
90
41
115
14
2
56
57
454
55
143
3
43
2420
2
425
73
103
1186
38
60
1
82
37
83
36
137
985
31
383
36
8
18
24
730
10
24
22
20
1485
10
24
11
29
68
15
2
4
9
67
89
16
19
7
1741
115
49
1
304
3
1
27
379
3
36
17
124
14
1084
1155
2201
405
1945
759
220
1555
14
1288
18
1444
1
19
639
455
28
1949
3
812
11
45
346
11
8
2045
2384
52
52
15
64
552
2
367
670
13
67
13
2009
35
5
244
29
18
311
9
1997
63
61
17
49
583
6
1429
7
175
23
32
38
269
1
4
582
547
2409
1548
13
87
44
1489
10
28
37
1280
98
10
14
1237
887
14
59
185
2115
7
761
69
197
1489
12
10
5
18
9
416
1
1272
28
207
3
282
173
1
21
7
370
1484
4
1189
129
488
22
48
14
9
8
15
44
594
20
2482
2713
123
41
16
907
17
31
15
83
562
8
682
14
2074
71
4
24
18
40
6
84
53
232
274
42
7
37
2
813
692
39
11
68
930
31
781
18
1565
20
1160
429
1
965
24
939
11
23
1508
9
31
187
49
1520
2292
11
30
68
11
2045
28
1079
541
11
155
902
4
11
16
72
5
28
17
75
1
505
6
16
14
8
123
552
675
1856
530
2637
2
782
8
46
668
584
670
56
318
368
33
31
6
40
6
44
636
68
6
5
255
7
5
7
1165
6
15
1610
39
49
22
3
133
3
1
52
4
1478
707
6
4
1
8
1758
5
28
15
38
51
11
54
71
32
63
2164
36
54
45
43
16
29
695
960
2962
54
369
20
12
7
414
39
1
1463
5
8
29
23
35
2112
104
1724
13
209
14
842
29
13
1371
15
14
1941
3
54
1006
2170
283
30
47
2
72
50
49
2628
237
819
303
71
1285
34
828
1115
668
1663
102
43
1516
37
40
21
34
1245
15
17
2
64
1
15
74
34
34
47
55
1
976
44
67
32
45
854
17
265
16
3
48
1674
38
12
1243
5
5
63
5
40
25
1241
2068
43
42
2722
29
6
1323
2897
91
3
2220
1168
33
24
8
149
42
3
2
17
9
9
27
42
5
14
2
76
65
552
53
41
77
13
515
6
27
192
503
1137
54
1
1976
49
872
577
9
16
36
41
651
1855
22
43
548
624
3
91
1103
2659
4
39
90
13
3
46
39
60
76
91
27
37
25
689
180
9
30
562
95
630
1860
2626
54
56
36
1912
6
27
2
4
55
807
2
5
172
8
223
5
49
2372
1
9
4
1769
9
26
1684
2556
51
1269
4
25
9
397
33
80
2
56
733
19
44
3
297
7
21
1399
1915
688
11
4
2617
1911
48
170
106
2
5
13
47
816
29
1392
7
7
563
1813
10
43
2553
134
7
48
32
2406
1205
4
894
2393
8
34
83
60
34
61
75
29
26
37
1533
3
15
44
27
1299
15
6
66
567
6
13
18
565
48
18
26
1552
66
444
27
71
22
14
214
4
10
46
44
89
3
285
1353
1235
25
261
7
41
11
78
3
10
4
11
26
529
9
1773
10
1362
40
88
1
39
37
6
59
1219
1659
12
938
376
45
9
9
223
71
314
100
9
2
2768
26
1
11
497
32
144
331
2487
13
2
23
6
7
134
676
29
7
24
4
1381
9
396
86
33
1322
425
8
21
41
15
1141
45
1684
2047
2332
10
1592
711
41
9
58
30
1
509
49
246
13
5
2450
674
6
850
769
43
7
821
228
1068
1
287
7
71
53
47
26
32
41
6
16
56
2
5
23
30
62
61
1
2992
27
765
76
1
333
1046
370
48
28
3
87
2644
44
75
13
2640
408
9
680
39
1349
53
373
1
27
1
7
54
28
23
17
6
25
29
112
1
9
31
13
1
1
2
35
39
44
1480
8
411
52
143
2174
1019
85
25
3329
3
174
52
84
43
7
25
65
5
141
8
494
85
46
25
33
16
63
1364
2461
1545
391
576
8
2
25
377
1558
637
13
44
78
1
648
1216
59
598
411
154
16
2351
442
4
27
29
184
20
218
2245
61
1602
19
562
38
10
1183
19
26
371
105
152
875
58
12
44
21
1
39
1538
344
56
71
377
2
1044
74
13
31
306
5
551
3
68
69
128
338
24
8
21
3
2074
22
1348
5
57
41
722
23
184
10
9
46
55
25
410
28
3
649
382
1048
11
5
4
6
18
925
15
1604
40
1003
74
4
50
87
52
1
5
35
2619
511
724
30
34
235
357
6
31
2
2
1497
16
24
2878
501
44
22
6
17
1732
8
1024
16
17
73
33
119
118
22
2
1
3
14
29
1025
20
18
43
12
46
3
43
16
122
17
1638
797
13
33
969
1402
1511
19
16
24
9
13
212
626
20
3
599
3
17
948
4
5
23
4
6
7
47
11
3156
24
381
861
3
124
25
405
2536
49
2
33
287
1837
933
34
342
10
250
98
507
10
50
821
1
2
34
1214
6
19
1138
4
1
48
71
1673
1
36
1
392
82
15
51
93
6
6
24
11
2816
3
52
563
13
2
2640
11
77
39
44
26
57
31
35
1
9
1
10
926
15
8
1155
8
348
730
24
39
357
48
313
21
29
490
55
6
23
45
1304
32
64
13
34
450
1
71
4
1479
18
54
2
91
4
11
21
3
54
1925
39
29
7
1
1031
44
33
1736
9
257
8
72
960
52
6
7
43
18
2
97
2
73
3
1
1631
51
4
65
20
31
77
60
383
26
736
2055
1247
44
695
3
397
78
2323
100
40
179
11
37
3
265
1563
288
2000
26
1879
33
41
33
6
59
9
1191
5
43
42
953
14
409
22
61
5
597
5
128
31
4
3
6
1850
34
379
39
31
14
1594
26
2370
41
60
8
209
2
116
100
14
20
7
2
20
256
27
55
688
1880
21
28
13
426
2525
97
103
5
14
2260
61
27
201
15
34
1699
3
34
82
56
13
106
220
1600
34
12
13
34
14
1
157
2227
2
1593
29
25
5
2570
2374
10
17
47
8
8
54
1298
369
22
65
1421
1229
33
5
20
471
8
519
3
1206
1016
13
36
76
24
28
653
28
41
2
19
1087
6
12
48
8
3
42
19
4
10
864
326
2
3
11
16
1
3
81
285
47
45
41
806
1862
249
14
1
2817
3
1511
2
266
5
79
139
19
10
41
1069
43
660
116
6
14
8
15
14
68
639
17
897
