2
19
18
28
38
220
38
4
12
5
24
25
1
15
15
187
221
13
198
27
29
140
156
2
11
114
216
44
28
4
8
144
238
95
7
16
4
100
11
192
128
96
12
9
10
210
120
31
26
19
22
10
1
38
7
112
189
41
7
130
56
36
22
18
18
68
10
126
195
11
4
25
34
16
12
37
10
72
160
17
15
41
18
1
28
180
18
3
10
27
23
11
12
119
28
5
14
100
28
22
40
11
90
10
4
33
11
12
140
34
9
180
40
14
2
75
120
22
234
48
2
9
12
19
31
22
13
70
15
2
135
14
10
6
19
6
7
256
195
8
28
22
5
96
13
44
69
33
27
210
24
35
115
36
12
225
21
238
31
32
286
8
19
26
42
51
168
6
5
6
220
3
162
231
85
21
2
152
91
1
41
69
18
9
6
9
17
15
19
17
2
38
66
21
19
43
150
30
28
13
18
21
2
18
6
39
18
40
34
2
130
38
50
46
4
32
33
156
84
105
29
5
16
234
72
66
56
5
154
35
12
75
2
10
38
133
5
15
9
105
190
38
36
20
14
3
18
112
33
12
13
96
57
140
28
18
43
88
261
36
37
23
15
6
78
31
1
300
15
64
4
34
90
140
23
17
286
14
33
15
90
10
28
32
44
19
17
93
147
14
33
34
12
42
38
133
1
221
1
170
34
31
192
2
11
7
16
280
30
4
153
24
110
210
13
23
11
210
24
21
154
31
128
20
12
84
33
29
230
10
162
84
36
5
45
2
54
32
92
26
34
34
147
27
29
119
84
4
18
192
2
23
198
153
308
28
19
115
19
135
27
8
11
11
41
32
297
1
6
44
44
266
22
165
39
24
76
65
28
1
12
143
81
14
28
85
25
32
132
17
240
5
23
13
187
5
168
221
18
7
14
110
104
30
27
252
24
8
12
2
196
210
13
7
7
4
32
18
72
108
144
11
15
135
13
23
130
18
6
2
9
21
1
144
216
31
5
9
48
100
2
8
4
29
42
16
32
266
13
6
198
253
10
6
247
3
15
7
18
9
312
90
22
140
153
264
34
300
27
108
98
9
48
34
32
7
80
11
38
28
187
264
39
22
120
286
28
6
1
32
25
40
3
39
10
6
114
140
266
10
23
37
34
4
66
2
4
115
9
1
28
16
104
22
25
5
13
95
9
16
3
5
9
9
3
30
18
19
18
45
7
15
28
8
15
195
26
38
23
18
210
32
15
33
13
28
126
228
126
3
14
51
36
21
112
3
247
31
4
60
36
196
15
23
27
26
75
21
16
18
8
117
143
171
96
36
31
12
42
9
20
15
3
195
48
34
6
64
80
3
16
336
182
162
2
27
247
2
2
190
100
27
38
19
250
18
2
25
91
2
5
294
9
2
48
1
108
147
24
10
7
384
110
231
180
10
7
120
9
252
105
21
3
143
165
2
17
11
105
16
144
112
9
10
34
26
160
4
216
7
34
29
6
110
14
27
33
35
3
30
162
6
153
154
15
12
30
40
9
18
69
75
216
98
9
128
65
140
4
2
10
38
14
5
16
21
247
75
210
16
19
1
34
8
180
6
238
8
18
12
30
9
34
16
5
198
33
35
1
5
221
15
13
240
6
165
7
12
24
6
12
14
30
270
15
15
2
42
16
18
26
72
115
208
31
8
2
23
1
156
32
20
5
29
10
8
1
338
240
21
21
156
32
120
40
12
8
8
10
48
32
42
31
32
38
46
180
140
16
165
130
15
264
209
41
12
11
64
231
17
31
264
208
30
26
11
34
2
4
43
95
238
25
9
7
15
140
6
78
140
100
26
210
160
23
144
11
152
144
33
140
126
2
128
23
10
119
7
105
204
31
7
22
23
32
75
66
9
4
31
14
36
57
22
44
17
1
92
1
32
9
26
36
10
126
23
32
8
29
38
28
40
100
29
16
7
17
12
23
10
12
31
15
138
4
143
13
224
31
209
9
19
40
28
140
5
11
9
8
72
1
32
320
168
40
204
300
23
16
35
31
110
8
3
88
12
60
18
2
17
27
32
40
19
120
114
143
10
114
7
8
75
18
207
22
72
1
20
69
132
14
180
120
23
2
204
8
32
266
10
98
15
10
152
24
135
20
105
41
64
84
74
25
4
34
25
288
4
80
38
275
126
231
120
33
8
21
6
29
28
9
19
10
216
22
17
21
33
22
29
8
40
84
31
230
6
24
176
32
1
4
114
133
10
88
29
96
21
21
29
2
32
19
128
17
152
11
8
3
16
192
18
35
5
16
23
1
38
1
19
30
28
40
11
57
13
169
33
20
14
76
21
165
42
28
16
9
4
108
17
130
76
8
30
1
37
156
112
16
98
27
180
60
21
32
120
29
31
5
39
306
19
18
20
17
228
7
130
176
58
120
33
43
180
56
4
115
120
40
17
204
12
37
84
14
171
20
1
13
140
182
171
5
14
2
276
4
52
36
15
100
15
152
20
4
180
7
204
22
2
24
4
30
1
105
208
231
36
31
204
72
21
33
1
4
35
4
3
25
220
5
69
20
150
147
171
225
23
19
7
2
240
3
38
32
135
224
312
169
19
19
5
11
6
3
63
76
2
24
169
20
11
33
68
17
24
21
204
2
22
128
18
29
5
88
34
30
23
52
165
210
7
28
42
216
38
144
30
6
22
120
35
133
39
34
28
18
15
100
18
30
25
14
19
6
37
84
54
6
22
23
72
144
38
52
85
12
38
69
204
42
20
11
30
192
6
17
3
15
17
17
19
30
57
56
76
28
60
21
27
5
105
26
95
37
1
19
18
7
46
21
13
10
10
14
7
13
17
286
3
26
2
1
14
20
39
2
133
126
18
26
5
3
15
6
221
2
210
112
43
210
4
1
32
3
26
234
10
60
4
32
12
7
88
15
27
31
161
154
5
24
36
15
32
57
10
16
1
8
35
17
41
36
221
196
190
26
22
72
12
117
196
6
28
4
105
51
23
1
1
112
105
7
29
5
7
234
19
15
11
5
31
19
1
28
17
17
14
6
38
44
195
14
13
7
196
19
7
2
250
9
8
162
120
14
10
32
34
8
37
6
35
144
238
6
30
156
200
255
7
78
38
272
25
36
9
20
2
15
3
84
120
195
330
7
16
126
220
1
28
4
40
32
7
9
10
300
14
20
6
8
17
57
33
120
8
126
20
117
18
9
5
204
11
1
36
126
112
154
16
13
8
1
16
120
29
16
192
1
112
169
25
5
25
30
12
4
25
112
286
84
6
115
12
38
31
18
14
12
34
17
140
23
39
31
15
39
2
29
31
13
2
9
208
32
198
2
198
252
35
112
162
135
105
34
12
14
46
5
252
37
5
10
19
8
14
10
22
340
32
1
88
210
4
16
30
41
2
41
198
5
10
18
216
4
54
4
7
37
33
31
144
76
37
28
28
204
2
29
15
24
1
2
43
90
132
3
4
234
22
6
42
275
11
6
132
26
13
275
1
224
12
252
210
9
2
54
4
20
126
21
32
23
21
13
2
27
18
4
17
152
64
143
37
11
68
2
187
192
98
1
216
144
7
128
5
25
16
144
273
160
38
1
95
1
13
144
169
10
1
119
27
230
3
312
38
24
6
4
4
40
12
121
76
198
14
10
238
34
8
4
10
66
200
182
35
25
60
13
4
31
165
9
238
27
228
25
252
10
19
36
24
11
145
33
3
17
20
33
6
23
42
5
34
54
156
6
98
4
15
31
6
1
21
41
13
63
1
273
36
300
37
16
7
98
228
19
33
11
150
28
32
10
6
228
31
24
209
256
160
31
37
15
43
28
66
25
15
4
51
29
32
21
36
12
33
22
19
96
2
28
33
84
60
31
28
8
1
56
144
5
30
2
36
25
87
34
4
31
5
22
40
120
4
15
17
68
6
26
13
5
15
31
162
17
136
204
156
26
81
26
29
200
220
18
225
25
15
72
10
288
9
14
50
27
23
10
35
110
33
270
35
126
2
38
48
24
7
20
13
3
11
102
84
171
7
25
92
37
34
31
120
3
228
41
25
11
9
136
247
15
3
252
40
28
41
18
20
3
96
28
25
105
37
40
33
13
3
112
24
144
238
34
22
112
29
180
17
21
30
2
91
47
11
2
3
56
22
12
120
2
8
136
36
18
75
18
23
180
18
42
27
32
3
26
221
9
3
20
62
24
10
42
36
140
105
40
30
170
160
10
69
57
120
17
80
25
20
3
28
34
18
47
275
13
1
30
210
20
204
6
117
3
13
110
34
4
19
85
104
6
6
272
2
31
44
3
8
180
84
238
210
14
22
18
90
38
4
4
224
5
6
273
266
64
153
22
78
14
28
3
13
25
28
5
41
8
14
46
2
14
25
156
7
27
120
52
75
48
108
9
28
44
238
5
20
126
20
16
5
40
27
6
100
34
180
6
114
35
5
9
25
24
5
140
75
36
1
168
36
196
2
12
10
192
12
15
7
9
48
102
35
238
12
240
140
80
35
72
4
26
288
28
195
54
8
72
144
90
160
84
36
9
32
220
90
2
252
26
7
48
1
46
85
39
192
1
9
36
32
14
32
19
38
13
208
54
196
72
78
42
264
153
96
1
36
3
37
39
126
35
57
41
114
92
23
90
15
76
17
176
24
15
31
17
26
14
52
7
8
32
12
207
210
260
54
21
80
240
22
18
25
9
72
7
26
108
10
1
20
4
21
176
144
20
31
9
3
34
28
210
2
27
6
23
51
42
231
19
5
3
25
377
6
138
22
8
196
41
63
150
10
28
2
11
34
12
17
30
180
14
18
24
9
38
210
120
56
14
17
46
144
108
40
285
98
30
240
19
9
132
48
9
5
16
232
300
7
228
230
39
14
34
38
9
16
30
19
12
39
104
196
243
7
187
26
38
15
19
9
9
144
96
35
126
105
11
195
11
5
190
132
2
12
7
24
5
120
26
11
9
24
195
98
26
108
1
24
12
20
9
132
9
15
42
18
220
2
1
108
1
72
84
15
3
72
119
1
133
16
143
96
20
2
180
32
18
14
4
10
31
7
6
37
30
30
4
92
62
30
28
18
32
21
156
320
90
15
100
39
64
44
42
4
22
11
105
273
2
24
33
9
4
16
116
368
84
13
23
140
11
25
4
33
6
2
168
16
15
66
231
29
24
20
18
6
29
64
176
6
26
13
31
3
18
112
348
252
38
12
7
12
162
20
44
20
19
17
30
22
220
20
198
14
32
285
38
3
10
63
63
76
13
270
32
7
21
28
23
18
170
11
25
190
76
5
162
63
13
6
30
162
208
266
32
23
21
5
76
165
170
2
126
9
144
11
32
6
294
288
24
1
28
196
5
23
238
8
288
15
19
18
28
27
38
3
36
10
18
294
16
4
43
34
19
4
31
78
7
128
44
12
208
32
152
10
10
50
220
182
13
2
2
32
78
51
19
62
5
255
11
136
27
182
44
9
2
57
22
2
29
38
5
22
12
58
23
104
18
23
23
32
153
4
44
27
25
21
33
5
3
60
13
41
31
162
44
7
88
272
32
31
108
51
10
38
32
5
20
29
69
30
32
231
209
29
143
34
286
10
9
196
12
88
13
9
26
32
20
25
10
23
35
33
104
16
25
23
1
22
19
1
115
288
58
3
276
28
17
117
2
29
216
180
28
21
31
3
36
22
57
187
15
22
11
8
22
21
18
12
4
198
176
3
6
42
125
80
27
23
112
11
228
208
99
32
26
2
24
15
37
24
7
102
29
7
36
41
10
18
35
27
30
220
192
112
140
308
34
31
26
44
26
234
170
2
255
102
232
44
11
192
23
26
16
180
150
12
14
15
264
9
16
18
27
19
1
37
9
31
2
11
144
57
209
18
8
104
31
35
4
23
63
144
14
247
224
80
176
26
2
10
140
35
29
14
22
3
23
195
16
15
15
26
40
56
13
14
90
26
15
84
32
119
2
12
19
19
4
5
22
126
18
8
7
41
50
24
68
19
28
153
250
13
4
252
17
182
17
2
18
138
84
247
25
95
20
102
76
210
33
29
29
33
102
125
15
5
44
44
22
51
112
195
6
140
5
9
19
26
221
37
3
27
23
160
4
120
238
132
225
330
40
2
216
1
8
294
196
12
18
170
10
17
15
37
12
23
99
23
23
132
43
75
76
1
240
2
24
170
4
37
105
180
6
11
90
13
210
1
8
33
11
120
75
9
31
126
20
140
8
24
14
221
190
180
288
35
210
32
140
264
294
3
9
39
31
8
60
18
32
38
7
162
34
132
15
48
96
17
36
60
4
31
42
198
29
62
15
169
320
100
3
66
342
40
3
11
88
23
286
22
21
104
15
12
7
16
35
30
4
18
126
12
198
5
18
36
5
24
96
120
176
29
152
72
60
18
36
11
128
9
12
20
15
52
102
24
18
87
255
17
182
1
28
120
270
33
11
2
21
22
28
27
1
198
10
221
120
5
192
60
198
11
135
180
12
3
1
75
10
27
247
43
210
30
126
130
6
2
31
32
3
220
15
150
26
23
31
24
198
4
24
260
150
37
6
18
13
7
26
11
133
16
20
39
25
204
7
20
140
2
9
144
9
14
2
216
168
30
108
54
63
252
20
85
3
250
12
19
35
60
7
2
38
28
25
128
28
18
160
9
10
187
300
3
28
45
20
17
3
208
72
24
25
32
27
224
11
180
1
23
38
28
8
6
35
72
216
120
9
17
119
9
18
22
6
272
8
23
112
31
88
156
17
33
26
31
25
20
21
11
15
112
11
224
10
7
66
150
2
26
9
38
14
95
39
3
4
34
38
189
34
30
12
24
40
15
2
114
38
9
104
6
5
5
136
33
9
19
38
81
8
130
27
105
306
144
21
169
210
76
68
4
23
63
51
75
57
8
2
12
180
40
66
34
51
4
33
238
54
23
225
12
29
247
60
161
18
72
5
60
1
10
38
9
171
31
2
6
14
11
18
2
120
1
21
18
4
3
1
9
3
2
5
31
27
12
11
2
32
115
30
4
31
10
7
78
23
26
119
225
31
1
12
17
3
31
13
28
45
180
98
43
13
15
28
13
8
144
130
9
9
80
1
19
66
39
20
1
33
21
21
144
128
32
88
19
54
102
27
26
81
33
14
10
114
8
32
30
27
300
252
20
14
126
104
153
15
25
24
52
96
160
20
29
32
28
22
252
22
128
15
34
120
102
120
32
3
22
26
119
39
57
7
323
5
144
37
7
221
29
62
40
44
110
330
5
16
3
21
63
13
196
96
2
19
12
13
72
34
130
4
37
5
63
2
7
40
27
38
11
80
216
16
15
18
6
10
16
30
26
252
247
231
18
6
17
30
32
72
190
37
152
60
14
198
39
288
23
29
228
50
144
36
15
37
3
34
76
120
22
36
33
42
14
5
14
104
24
190
150
7
8
224
7
135
12
40
44
1
5
24
221
9
252
11
31
12
1
20
19
80
4
5
18
180
3
33
88
5
13
68
28
15
60
10
5
28
180
1
51
23
126
21
26
253
35
15
21
6
224
20
12
80
119
3
56
25
28
195
171
180
30
120
7
25
260
182
10
4
52
182
21
25
256
13
3
22
4
150
182
6
125
220
276
16
4
72
21
3
18
1
9
2
6
12
209
34
7
15
5
182
23
7
2
270
7
35
9
5
22
8
52
6
23
36
34
5
36
29
75
4
182
23
13
16
3
23
28
130
4
140
221
33
6
23
70
9
16
1
20
132
11
112
24
220
37
9
40
12
37
44
22
30
80
153
48
44
6
1
234
18
14
37
108
19
16
319
2
11
32
6
27
9
144
32
6
25
36
14
11
30
27
24
12
12
28
135
190
7
5
28
126
119
16
7
3
204
7
192
135
225
35
95
29
21
9
23
10
5
10
26
27
33
38
108
24
63
1
140
96
34
7
22
38
31
40
39
198
43
96
114
5
8
72
3
242
5
28
187
30
21
4
16
31
192
112
216
44
22
36
12
29
340
264
38
42
10
8
115
42
69
5
21
208
270
27
5
12
7
25
48
72
19
72
68
19
119
204
11
4
182
18
1
22
93
38
10
6
7
92
221
15
21
102
1
2
165
299
56
10
5
2
168
26
128
7
16
4
18
20
285
25
12
7
192
39
38
14
84
20
9
24
35
57
204
3
24
154
27
10
6
9
4
240
31
1
187
37
5
5
92
221
46
30
1
4
4
72
17
19
180
27
270
37
180
42
5
2
15
162
21
3
48
15
280
28
14
160
5
180
4
13
41
41
9
44
156
234
38
84
31
1
5
38
247
24
2
120
44
76
37
195
10
3
252
15
26
165
5
54
4
18
238
26
11
76
21
50
9
35
22
1
48
240
31
144
3
2
221
37
180
128
33
180
8
13
96
22
4
11
29
162
11
7
65
90
38
4
27
27
96
5
4
12
80
28
144
43
30
96
108
43
23
43
36
221
13
29
128
44
37
63
200
2
11
18
17
15
15
14
23
23
2
162
5
3
4
147
95
30
26
54
2
23
34
36
210
187
16
2
20
1
31
208
182
19
69
154
15
18
13
156
14
23
10
43
38
34
210
294
154
120
24
43
204
2
112
28
22
23
32
6
18
4
2
38
3
15
31
180
16
27
13
76
26
7
25
20
7
37
5
18
4
30
255
224
16
23
23
23
31
21
28
40
3
5
38
102
126
72
5
64
252
14
216
5
144
120
9
19
180
50
5
8
180
210
120
14
31
120
9
128
210
26
31
208
160
39
60
39
182
42
43
48
204
40
26
35
15
32
32
20
5
80
42
99
5
17
168
68
32
168
6
9
11
120
24
4
160
25
200
9
165
7
18
25
153
75
78
48
216
4
192
32
16
8
68
10
24
34
36
11
30
22
120
192
6
17
34
4
125
12
5
32
32
31
38
176
11
7
11
153
135
25
102
3
7
31
72
195
38
13
120
19
43
56
26
12
29
2
22
46
7
10
29
46
2
23
42
100
5
2
136
29
13
6
1
3
34
84
42
144
28
270
35
23
3
160
238
210
319
63
14
34
2
1
3
210
165
22
18
286
16
220
68
8
75
6
2
132
135
37
54
108
1
31
144
8
8
22
37
84
9
1
6
3
19
4
29
224
240
11
20
19
37
32
51
21
34
120
19
26
6
252
32
80
5
24
7
30
93
6
14
31
4
26
38
16
3
110
72
9
21
153
27
74
4
260
23
1
18
16
69
154
336
8
34
29
5
54
13
187
23
240
64
32
144
52
37
51
5
38
40
104
31
18
3
34
54
12
57
253
30
29
26
29
225
35
10
5
7
15
297
133
322
78
98
3
11
10
1
16
33
204
4
15
23
280
11
224
2
255
176
44
9
100
14
240
72
7
7
23
8
156
96
171
44
44
27
13
26
20
25
2
30
176
120
23
13
1
16
35
16
16
46
24
60
299
126
23
13
238
5
5
66
32
176
8
92
5
17
27
1
3
132
128
119
2
2
3
21
5
8
22
80
154
100
121
14
21
16
1
27
88
19
6
276
72
1
9
43
38
17
195
5
22
34
54
15
180
16
26
43
221
11
24
7
28
23
70
17
21
70
6
128
7
1
195
3
182
17
18
10
2
12
8
264
28
8
63
36
11
7
25
114
34
16
36
10
162
114
8
32
29
8
10
1
72
37
169
18
2
23
2
33
20
150
8
27
63
25
2
24
10
9
23
2
18
31
4
31
30
96
180
130
7
21
105
105
25
76
4
19
11
32
189
18
34
92
228
168
22
198
22
60
10
34
11
23
76
180
14
26
13
78
1
2
35
33
273
20
7
29
28
9
22
7
204
6
153
58
27
36
8
3
9
9
228
16
152
8
39
133
3
4
60
162
20
32
3
95
18
224
26
12
14
264
156
154
7
9
136
29
12
352
15
17
12
33
14
195
13
18
1
210
76
18
220
33
20
19
7
30
17
64
3
10
76
7
9
4
15
18
25
32
128
26
143
12
54
16
20
26
21
14
30
126
28
6
126
7
140
1
13
1
46
34
10
33
35
210
7
36
6
210
7
168
34
26
27
31
210
52
192
60
4
100
35
25
170
7
20
31
289
2
20
14
33
88
288
51
7
96
126
30
34
70
10
5
20
10
45
220
24
2
7
35
12
80
2
23
6
105
22
14
46
176
27
7
84
33
31
34
7
1
81
6
27
12
7
13
119
22
252
2
10
110
13
96
238
26
144
17
126
11
68
25
128
54
36
1
4
66
36
33
160
93
2
60
221
24
35
14
22
40
56
8
7
5
110
19
147
260
76
252
3
204
90
62
96
5
2
17
8
13
228
3
24
69
156
2
21
4
2
29
192
11
11
120
209
119
7
30
36
12
6
4
36
24
17
14
144
35
170
34
24
8
28
5
9
1
17
39
11
57
28
27
12
39
22
24
5
30
168
8
180
34
18
62
28
80
132
33
70
81
238
19
1
29
6
31
5
42
14
196
14
23
13
23
14
75
12
165
98
3
10
18
41
9
16
60
17
10
176
70
26
17
14
22
136
28
126
238
1
136
19
24
76
27
2
2
16
126
58
112
11
153
50
10
14
9
17
240
150
9
128
252
21
207
18
22
150
8
16
48
2
136
19
22
28
144
72
17
38
28
144
25
253
21
44
68
25
28
10
14
44
135
34
2
14
95
1
3
8
135
64
50
14
210
28
312
6
357
210
144
96
26
3
25
133
20
108
170
27
102
38
132
20
17
6
42
120
18
252
34
28
69
210
165
17
30
80
12
23
38
1
240
210
160
22
60
33
135
272
22
2
39
39
135
210
3
60
108
4
19
9
50
4
286
33
180
34
156
1
60
24
240
60
13
69
22
2
242
24
2
286
88
7
75
21
72
8
2
198
128
22
24
143
63
3
4
19
54
42
150
140
13
22
26
11
4
216
37
18
96
12
34
