120
76
21
7
128
52
64
189
100
120
10
26
29
42
2
200
29
208
74
6
255
2
25
37
26
168
32
135
195
4
169
22
162
15
37
112
126
32
112
23
1
6
2
28
57
90
3
27
28
112
8
1
242
220
28
4
5
54
5
2
154
100
88
1
8
11
95
27
150
10
13
23
90
27
24
7
32
4
11
26
16
41
168
1
28
25
126
9
110
56
1
10
105
135
168
34
69
108
2
11
13
68
2
120
28
14
100
22
120
144
24
144
13
14
88
198
19
17
56
12
9
15
4
11
34
228
25
5
7
7
210
1
6
34
153
35
14
10
25
36
9
182
6
126
91
17
90
35
96
85
28
44
60
208
132
18
195
10
4
28
27
150
5
30
26
20
5
17
36
190
2
32
5
22
69
195
5
12
12
40
8
8
84
19
32
18
29
68
144
12
2
84
29
33
32
18
35
160
4
24
1
170
42
35
345
40
3
9
92
5
52
14
9
13
26
5
39
198
182
25
52
120
56
6
14
156
35
11
38
21
2
34
76
156
9
17
120
51
22
33
35
30
119
3
14
138
56
143
31
64
17
29
10
1
96
8
144
36
48
12
27
208
140
135
112
3
72
25
171
72
28
176
8
144
39
17
176
195
12
22
14
195
29
140
7
40
6
2
209
36
39
210
6
24
5
24
18
31
80
14
1
4
182
29
58
2
20
11
78
29
102
23
22
27
14
18
11
40
5
7
209
75
24
14
34
3
119
126
14
5
3
13
34
17
30
48
25
8
18
18
5
100
34
7
75
22
9
18
26
63
26
7
43
8
29
210
84
34
144
2
39
38
115
15
21
39
33
23
2
39
23
14
16
140
27
8
210
176
192
26
33
100
44
3
23
88
2
57
2
180
154
7
76
35
272
19
85
19
238
105
32
7
9
17
76
6
60
16
110
16
100
24
196
10
32
210
24
75
3
31
5
143
41
15
10
168
38
22
11
12
144
81
8
25
208
38
108
14
104
102
3
119
26
5
31
28
3
6
180
6
228
20
34
4
273
1
120
69
100
14
37
20
16
23
5
39
17
7
4
19
4
42
27
4
120
18
15
22
25
11
40
110
6
29
15
24
21
15
54
33
6
54
112
17
252
240
31
21
76
160
26
31
25
7
7
156
33
11
10
64
34
12
115
25
120
14
140
11
18
2
3
220
169
69
35
63
9
17
2
153
3
198
60
12
37
7
36
90
18
32
44
14
168
170
25
66
33
5
210
105
39
6
1
34
22
168
132
36
92
95
92
19
28
28
170
26
1
6
19
24
119
6
30
1
19
36
6
9
17
10
9
9
240
11
35
40
100
187
126
85
8
76
22
13
22
56
119
9
5
23
7
5
15
33
105
15
10
12
150
30
42
11
15
72
38
34
3
288
38
26
3
69
26
11
14
21
4
11
17
38
50
25
15
27
130
119
6
30
168
3
72
20
46
5
40
16
3
6
26
1
26
114
17
21
20
180
10
17
95
110
10
180
26
8
16
12
17
25
26
14
187
84
176
136
280
4
128
51
29
255
13
11
35
58
72
13
8
192
38
2
3
168
21
7
100
14
36
29
102
20
8
34
48
210
12
2
4
7
3
26
28
9
25
23
35
13
24
3
204
27
2
7
27
25
7
165
105
10
25
5
27
26
20
13
3
30
6
13
45
64
210
48
130
2
128
29
156
12
8
54
170
77
15
