4
19
7
2
21
31
280
5
1398
14
26
11
19
26
50
156
1827
486
32
20
15
1440
27
965
2274
850
9
6
41
1344
9
714
4
9
1008
20
4
2450
1120
1206
450
43
19
1986
24
170
6
1
474
26
304
6
494
1648
28
7
936
66
3
35
23
19
1375
27
12
828
1455
17
22
2424
270
36
10
864
24
1624
903
2163
1790
39
7
2984
16
15
1617
38
280
460
119
696
3
19
15
486
522
40
1812
50
840
888
20
882
40
1656
24
1375
275
2
763
135
28
1
39
28
8
24
6
2952
4
468
6
3
1988
1940
18
568
721
23
553
25
702
11
1146
3
1
24
8
44
3
70
4
28
420
1320
27
56
488
10
1860
1413
23
3
38
9
810
1110
1
513
14
42
33
6
1
1995
32
2544
19
9
24
672
22
1
695
20
1288
7
1885
171
26
31
24
10
19
20
23
2
10
1900
990
44
30
15
1830
46
1
39
23
1
11
44
612
4
96
6
1442
4
10
3120
1148
12
43
450
784
35
18
2124
21
19
18
450
35
3458
7
37
18
6
768
516
27
29
1905
9
238
1026
16
23
23
1170
810
21
1868
3
10
3588
854
3
29
624
5
10
23
15
374
35
31
539
1104
36
19
6
1736
176
25
1050
70
12
462
17
36
342
994
984
708
130
14
1074
6
4
1
1950
24
27
7
2
744
4
696
1
23
965
1016
1778
12
2425
33
1725
7
36
36
13
756
16
13
1337
18
12
28
136
798
603
32
7
30
255
19
30
624
1897
33
1305
540
10
11
70
570
32
31
6
28
747
11
968
1550
39
15
2
28
19
8
34
32
21
153
28
1512
18
31
1595
21
180
819
539
30
1359
711
1404
406
29
34
1
2
30
24
28
6
2088
1716
17
80
32
492
441
15
1288
105
1585
17
37
8
16
1
22
13
24
5
28
11
11
429
1
25
9
30
18
4
32
1
24
26
981
15
684
8
13
32
330
11
616
13
341
19
22
918
2292
18
816
31
1380
2
30
1020
1320
22
12
6
4
552
270
6
2575
2
11
657
9
1631
1676
16
1440
18
413
24
38
17
16
184
40
12
1883
10
1302
762
7
696
744
46
102
833
920
5
19
1314
30
22
3
480
392
33
1791
30
620
37
17
4
4
2
19
20
26
16
1415
13
1
6
39
8
21
21
7
2
231
168
84
1
30
1675
19
1010
1184
9
658
27
9
29
27
30
7
11
1631
17
790
1554
31
8
17
2
1
882
43
12
763
2875
6
3
41
21
224
889
28
35
1730
19
430
34
16
34
6
4
22
380
34
6
1
14
17
32
11
2
816
32
31
7
30
11
256
16
1332
8
510
14
1640
15
2480
17
17
12
1648
35
16
39
4
9
30
2736
5
10
4
17
6
2
1
805
5
2170
9
3
29
1
18
2735
744
2535
13
29
40
28
760
14
20
210
20
144
441
30
29
10
25
70
1
2
31
880
38
21
20
5
17
85
376
2331
30
29
13
8
42
1
1144
21
3
27
32
3155
18
16
4
1280
856
3
1025
1
35
3
31
6
18
26
756
76
1280
1725
1496
16
62
13
640
1600
7
1540
5
225
1355
18
6
1216
2044
20
31
11
2135
768
595
23
21
1800
117
18
1400
1850
1405
13
2034
912
918
1908
954
5
2922
19
2884
6
30
28
192
11
37
1160
17
940
38
35
700
1014
2552
774
1296
26
22
20
700
1141
1064
584
26
702
4
504
31
686
14
3
23
39
48
38
2
1098
24
1392
16
1304
1564
6
1808
38
41
18
26
27
12
4
665
96
1036
684
1110
27
60
768
2712
448
22
170
13
37
23
16
11
448
22
560
1176
6
5
18
4
38
40
112
1302
27
16
12
4
28
23
15
440
28
14
18
27
38
34
8
32
22
1080
930
320
22
536
17
238
6
324
30
34
392
890
1044
28
1
39
13
798
858
8
744
8
33
26
4
26
22
945
5
12
19
37
660
5
497
341
6
30
11
34
26
1110
15
3
1112
1122
39
2420
27
17
1
19
3
2355
1068
35
1603
27
40
664
644
27
250
1220
112
7
29
10
115
1024
1452
1
10
8
10
15
2115
2904
11
704
2191
6
37
30
2296
17
1980
26
2136
34
14
39
1064
33
4
834
1010
1632
2
13
13
8
518
980
990
17
24
13
16
28
180
27
14
16
22
12
847
310
1
17
504
36
7
17
37
18
14
37
39
8
1
28
1
19
1
21
30
2205
16
36
10
75
6
32
280
1685
2
24
36
1472
28
33
16
33
1300
497
23
3
23
1716
40
1540
763
11
40
9
1590
960
43
22
3
19
19
34
23
9
1160
256
756
41
279
25
58
6
708
1
830
484
1040
10
19
12
9
17
3
4
1281
1852
1494
1275
3
2010
476
224
207
17
1134
3
1745
3
24
17
6
23
26
26
22
10
1895
720
126
819
1422
637
168
1884
24
510
6
38
44
2
470
3
3
792
33
18
15
3
23
2016
44
2112
23
2
15
888
143
387
26
15
12
390
32
1106
472
729
3372
4
1152
35
3
12
27
27
34
4
18
23
648
4
3
1455
175
11
17
1407
32
30
21
13
14
1435
15
17
1
1428
364
504
1404
17
7
4
252
30
950
552
882
19
3904
8
33
10
1975
13
28
36
14
429
5
35
385
1218
990
2
1485
744
14
192
4
31
1315
10
25
4
38
8
18
1065
15
567
10
25
5
903
432
266
18
10
22
1
1554
834
2595
38
19
38
38
774
48
970
616
3
1896
588
21
33
1085
35
2268
4
26
2892
2023
544
5
736
952
5
37
19
33
1632
39
720
612
40
3
3
14
3
1
31
2450
1208
176
22
900
1
2
2
2255
448
370
24
12
2
30
184
24
32
1064
128
37
16
20
1
23
477
35
714
33
184
618
37
4
9
2040
12
408
4
25
13
296
6
9
1431
6
26
15
32
23
96
528
34
1182
11
7
14
25
7
3
261
860
875
1940
180
21
707
21
7
242
444
2284
2
363
19
1
32
224
11
36
1656
13
21
4
405
1488
17
2895
1445
5
6
18
3070
1326
1395
33
13
319
34
1150
1005
228
1974
1356
1460
29
10
27
17
5
81
27
18
380
13
2
5
1944
4
119
1
33
33
576
1850
6
3
126
15
624
7
11
30
12
4
26
11
17
3
14
1920
620
1
16
984
26
693
10
1590
13
2310
32
13
2
3
455
36
17
224
28
23
1460
2
26
35
1428
833
1035
31
10
7
220
12
14
363
1040
24
6
6
3
165
21
975
582
17
29
1029
595
801
5
2
91
642
2230
13
539
2
752
1030
1925
26
2610
1020
36
585
108
9
16
455
250
14
14
26
9
44
15
11
30
95
889
1575
31
1230
2360
1635
6
16
3
511
203
2
52
4
36
616
3
1805
1
10
17
1001
22
10
1827
7
684
13
15
976
1860
2820
2
29
648
2384
78
5
432
12
2
10
1561
11
9
1746
37
5
27
9
10
20
10
696
10
2144
6
14
612
2
35
1026
5
15
372
4
522
297
1400
460
1194
2
2770
1
1092
26
17
32
9
3
700
600
136
19
1488
9
1565
476
418
4
18
1772
728
470
5
2345
1295
35
864
7
1
20
351
34
120
1272
165
21
407
8
121
36
344
2
3
4
13
592
549
18
8
7
11
30
10
15
615
17
416
1250
1184
3
46
10
9
5
2
33
4
3
28
310
315
68
378
14
1044
2118
9
39
2020
40
9
4
616
408
234
18
27
1430
568
1065
565
2
1420
1456
14
27
16
250
670
2060
138
2350
4
2960
8
1
1980
1364
18
2922
35
22
21
35
8
1
640
322
456
4
2
27
558
32
1490
840
4
2
15
18
19
10
13
36
26
27
430
50
30
11
77
37
13
2495
80
31
31
21
522
35
36
25
33
26
9
3
154
2
38
5
22
975
3
24
528
456
23
11
24
39
5
15
14
1812
2
320
10
7
16
22
1368
23
8
18
26
1
25
3054
36
916
2085
220
826
30
4
690
20
28
7
948
36
15
6
7
959
27
210
13
10
6
4
341
221
13
14
40
1170
12
7
8
22
360
18
1362
9
28
24
28
2106
39
19
1
3
247
2
1520
34
399
5
600
2778
1535
20
28
297
23
110
658
1016
25
7
16
40
2
216
987
27
156
7
1308
28
33
1
27
203
1800
2700
385
40
1270
350
20
1224
3
4
21
22
1
1970
2208
1145
690
143
12
2485
1673
20
26
558
17
30
4
740
9
13
1617
28
6
30
17
792
53
16
325
11
11
28
33
2387
24
1380
28
16
1464
678
20
18
13
1368
500
5
1400
29
23
5
440
462
37
25
860
1
4
88
39
8
7
930
29
16
23
16
1078
2148
19
1
1385
6
4
16
100
17
168
40
26
2114
861
1
528
15
26
8
1
63
25
10
5
32
2
29
210
40
4
1452
1495
16
14
790
22
171
7
26
1296
38
32
1310
1192
27
546
4
1770
24
544
14
14
12
2513
2
1008
11
360
250
3
34
22
1940
20
2865
2004
22
39
2385
1992
1908
1104
1404
18
930
39
153
4
13
1001
32
13
31
5
11
17
1288
108
46
32
31
3220
29
1190
5
9
4
1458
784
31
1935
17
26
690
40
1233
4
333
616
500
1
1008
1176
13
1
1512
2
4
9
572
160
216
22
17
920
216
37
847
14
1911
510
100
1465
568
17
2394
12
26
2
3
14
27
2
23
623
32
27
26
490
29
5
1912
30
1
24
5
144
882
20
1280
11
27
504
2030
27
1
1912
2365
33
9
16
27
17
2
2255
1484
418
2
8
37
13
1920
17
966
28
896
1080
7
1788
8
29
32
23
221
1475
33
25
525
10
7
180
4
1
5
5
623
1116
2850
648
1596
18
7
4
25
4
6
18
17
1
536
10
5
9
16
42
1850
5
1206
517
24
4
286
44
320
1575
90
20
14
8
10
656
6
1232
31
27
36
31
35
192
525
1518
2247
14
46
29
1008
672
25
854
11
14
27
609
3
585
11
36
1048
32
28
15
198
28
32
13
38
41
156
1078
23
1196
23
1
2536
20
22
35
888
1830
15
623
1795
20
29
944
20
1065
16
19
24
540
2320
220
3
35
22
7
43
1164
24
474
2380
46
37
2310
7
1
1408
3
25
2097
36
6
973
36
190
18
1710
380
1
19
665
2681
4
618
37
732
390
2095
29
18
19
264
25
1098
18
1
824
1030
22
25
240
14
708
568
294
160
1510
14
14
168
16
32
25
22
560
4
1320
1
3836
26
376
23
8
156
33
38
3
11
22
27
19
24
1
985
756
10
1
710
35
15
570
7
336
1650
14
20
1565
30
28
30
15
48
25
1735
1698
32
1
1976
28
4
4
396
1235
1
19
1308
14
29
1
18
6
24
29
34
10
520
8
18
105
8
28
1309
14
2190
36
2456
27
8
1014
19
5
1701
3
3
525
4
21
3
9
3474
63
26
10
22
1278
6
37
310
4
31
32
6
12
15
8
1414
424
10
30
744
39
6
2646
32
31
23
32
1818
253
264
22
132
370
35
17
25
768
12
805
1640
13
1260
630
504
371
632
75
1995
140
22
10
1064
10
14
5
21
7
492
11
1590
35
20
6
10
22
4
3
25
23
3
744
22
24
858
25
143
6
1360
25
738
11
243
6
16
924
2298
966
32
1328
13
1330
13
441
25
2
10
408
1602
35
19
1884
1
3
323
4
330
34
9
2820
160
15
12
5
1500
30
875
11
1542
14
4
66
728
39
1240
3
22
20
36
31
8
28
23
856
31
26
63
2886
14
850
450
20
38
36
1380
25
621
16
16
372
688
38
23
9
28
14
756
296
1010
1944
33
28
1344
930
732
2688
38
18
735
28
3
840
112
13
644
21
4
2340
272
450
1456
1092
34
704
22
32
30
2877
6
14
822
5
35
44
973
273
33
27
1204
11
27
1080
112
408
1956
3
17
22
4
12
25
18
8
23
24
7
12
7
42
253
1440
10
6
32
8
39
2
11
29
2
31
648
23
1
1188
1074
33
2172
3
19
4
30
594
13
26
31
1248
36
25
8
1600
30
7
3
4
2
936
19
5
10
25
11
2
8
2
18
8
21
21
2270
10
1536
1068
19
846
22
18
871
43
10
322
612
14
270
29
11
900
221
570
242
1212
672
27
7
910
1450
32
36
12
13
324
5
70
25
1632
2
33
18
5
11
19
10
22
12
1224
23
16
968
2240
680
95
1
104
21
2
2406
9
2
36
434
13
23
20
1
6
12
5
945
1255
1
3
954
28
2
1362
3
17
4
25
1020
19
18
448
31
4
21
102
9
16
266
360
913
29
5
38
24
21
4
20
1020
7
1620
4
385
84
261
3031
9
2144
2
440
7
279
32
39
24
917
2478
2868
3
4
980
7
31
2
11
22
726
861
1
1295
44
140
1152
712
29
117
1240
805
112
15
434
5
1944
1568
594
12
17
13
270
511
12
27
14
2
39
8
10
5
29
286
37
32
304
2
25
31
29
1134
20
9
21
1328
3
8
4
17
621
1320
264
3
714
35
984
1752
763
2395
376
2080
3
4
1350
24
15
11
376
22
18
30
30
18
4
360
7
1043
1455
24
3
2646
7
340
17
840
559
1060
28
16
2140
1362
18
868
1127
1776
8
38
180
742
1100
6
1812
35
786
294
42
34
240
5
12
4
5
408
60
2085
2
1026
1404
1566
28
20
32
1
528
36
45
1670
3
24
40
1323
14
5
1
25
7
960
500
1790
27
826
28
847
34
43
10
35
608
10
70
3
26
1960
6
16
220
17
26
170
3
17
22
260
2480
27
3
9
196
15
198
27
14
5
336
12
2690
30
29
1816
490
26
23
32
330
31
1540
1
1435
468
11
23
90
14
21
4
32
7
11
40
369
1040
4
858
1435
1044
11
1148
14
875
30
2502
9
24
37
21
957
65
6
30
1600
10
1400
4
1110
500
1116
34
650
1
208
33
18
330
22
8
1295
1395
114
29
1020
11
2
28
238
21
69
9
876
25
2
553
22
20
536
10
15
1500
407
16
1666
654
1110
28
1692
9
10
21
7
33
208
11
25
1448
1358
4512
3
37
1140
19
6
23
80
10
1524
416
12
32
32
8
7
15
7
26
4
8
28
1404
1729
21
1526
1345
26
942
13
5
762
29
2970
23
840
5
8
1136
154
4
5
2
8
8
11
18
3360
534
4
585
290
32
624
1896
1106
8
1757
20
330
38
3
1456
1098
9
528
22
1400
182
783
32
1215
360
2
44
10
22
801
4
8
1
2340
12
14
32
1422
34
6
3
15
7
15
5
728
552
1325
1484
1392
715
594
1352
208
279
29
700
1520
1266
18
17
2096
19
32
1400
12
5
1053
10
1015
11
9
1800
540
410
37
595
11
1026
17
3
32
29
20
1260
20
7
18
21
28
22
320
7
27
242
37
4
6
16
712
23
6
8
7
600
253
702
120
3
18
320
38
31
1668
762
52
1
330
28
432
220
32
280
45
1518
39
2
980
16
5
32
34
216
4
4
1
8
70
29
21
2235
16
98
13
253
4
432
477
26
3232
11
16
1500
12
230
936
19
880
13
810
36
18
42
19
12
2352
11
17
1
1248
434
31
18
1552
13
522
25
5
16
320
19
2
2
7
16
16
390
384
1211
11
2046
12
1708
15
35
1776
26
22
32
16
1275
2280
1010
360
1330
17
112
333
2625
1368
5
324
19
190
2008
36
592
252
35
24
2598
25
1200
31
23
665
1530
3
26
208
20
68
973
40
2826
834
13
275
6
715
2444
7
833
22
4
29
9
21
2
1776
3141
209
15
539
17
456
26
23
1815
1686
29
2515
534
588
658
91
24
938
2020
13
38
25
204
15
2204
790
980
7
2
15
30
2334
2380
2282
7
2176
642
23
1026
2345
3
30
294
1206
6
28
5
23
1197
286
26
896
25
32
2
1498
600
12
5
1351
3
20
2
1212
4
170
26
21
28
24
384
39
34
715
28
12
2471
6
1578
2205
1440
7
3
6
598
37
21
29
308
31
37
1043
26
23
17
623
35
234
26
9
2590
31
16
11
5
2844
18
19
4
2808
21
36
1940
156
4
23
14
1825
1944
168
18
18
28
264
690
32
1561
774
704
1920
11
440
516
38
25
10
3
1320
3
16
26
9
585
1664
18
2
966
18
121
2240
28
21
32
1071
2
209
15
1830
17
32
29
2125
58
126
26
720
22
1
38
33
21
19
40
2700
34
1310
2406
1
360
7
1362
18
678
37
26
2064
248
1518
5
747
29
1100
35
22
1128
2
35
1125
1071
29
15
1485
4
280
10
1745
3
10
768
1
29
2
560
19
2252
654
23
2916
960
136
4
29
18
6
1708
204
1
1170
2124
22
33
5
26
1908
34
29
2256
1610
11
35
496
364
738
1395
26
16
11
2
8
18
25
2712
2
31
1026
1
34
1162
28
5
120
152
1568
96
1105
2588
5
29
25
6
32
1494
756
26
1370
5
410
15
1146
34
3
1512
2060
18
378
39
925
18
672
8
4
7
369
1990
2340
143
32
1040
2
1512
9
1122
27
1
25
1
8
1190
1603
2360
560
1800
4
30
4
1704
23
25
195
37
17
9
33
22
319
8
2448
3
3
513
40
6
2
12
35
1813
1
790
942
1296
26
1122
2
40
20
564
19
1183
2592
710
6
29
2
38
11
624
10
1001
875
23
2
5
29
2250
380
23
1072
18
1326
32
8
190
33
50
23
13
35
1170
504
7
7
2
104
4
19
41
12
32
27
24
7
26
2416
150
333
714
19
37
690
40
1
24
462
4
30
25
950
550
18
9
19
23
2435
1388
33
45
11
420
27
34
5
45
34
2
208
1225
8
11
1030
3
15
16
80
702
120
6
639
462
664
9
10
2
14
1572
119
580
2
1508
5
14
15
9
33
19
6
41
286
36
22
21
16
22
91
7
12
29
176
1
1044
400
25
34
160
1268
25
24
31
1448
1425
666
210
21
11
312
1
44
35
784
560
2652
40
462
1652
2241
9
735
1840
10
368
16
1452
200
1736
33
1585
40
1064
711
20
20
5
1074
616
8
2604
5
11
441
1135
3
19
1210
552
38
17
17
414
22
15
642
40
870
25
1
28
6
4
5
18
1494
19
40
29
12
34
720
25
23
1122
973
2505
978
352
16
115
2
21
19
1872
21
1736
13
12
26
5
2190
11
17
14
2
14
23
6
19
2440
602
5
959
31
25
11
52
35
1215
8
800
1625
2025
18
959
1
45
2838
3
14
11
27
8
20
10
36
20
1875
9
520
424
612
29
9
41
520
2220
5
2513
464
21
776
2
20
34
11
756
1176
15
25
720
704
17
7
4
7
35
11
22
17
2605
50
19
945
29
29
38
635
747
1152
760
10
2016
14
2485
3
10
1788
40
1610
1232
7
16
2220
4
14
11
2205
2
29
1636
20
826
3
21
190
28
36
160
15
36
24
17
7
31
297
1578
180
624
9
785
20
2
36
22
27
1080
13
11
27
7
20
6
9
95
7
1
9
984
17
36
1064
472
4
42
1392
20
10
8
19
896
20
1232
4
1
5
4
546
27
3666
861
2
26
23
190
34
18
396
6
690
15
7
22
30
4
4
23
132
1444
23
36
143
34
16
42
1512
3
1
11
1092
621
1620
2
595
816
11
196
306
24
8
17
12
564
28
19
6
819
20
32
23
9
17
23
594
15
27
20
33
11
38
2324
525
27
588
126
27
98
2
888
6
70
8
1620
44
32
29
1675
38
9
34
1281
144
1344
711
21
1268
21
4
35
42
25
585
568
34
1230
363
1920
4
6
1
30
72
2640
2464
738
36
861
931
714
27
31
12
23
1
36
8
15
1266
24
590
10
1
12
22
16
84
15
1967
13
6
13
805
1612
30
22
180
33
7
3
33
26
918
10
336
1043
3
32
31
20
2
640
26
945
252
784
240
2
2190
1400
26
736
1568
43
660
5
169
5
10
26
66
13
18
333
10
21
2742
11
2
368
1536
9
1480
6
20
536
40
7
9
1122
8
19
351
6
840
9
22
207
5
1095
1
690
42
8
24
13
840
8
48
477
13
13
39
34
2408
825
23
24
1841
23
16
37
1148
12
1070
44
4
2
642
24
904
1915
21
1332
6
26
8
3
1122
2328
2
6
3
2
1140
266
34
352
18
4
10
21
1125
1358
1446
6
1700
2
36
261
25
861
5
384
56
5
19
525
9
657
2
1053
2176
3
17
16
390
4
9
32
1694
2136
30
210
10
28
2385
1660
1668
28
11
26
126
8
4
39
6
38
288
1188
28
180
649
39
255
7
5
1152
1122
5
1
488
138
14
910
24
1074
46
29
31
17
9
1001
30
30
14
413
2550
369
37
3
420
60
11
14
1
31
4
320
135
25
2488
22
2
576
1610
708
16
728
23
24
13
4
12
752
2510
22
216
2376
16
22
690
1400
15
672
770
1078
1
6
10
791
12
1784
1325
154
2
160
660
170
1935
1648
1
1330
2090
392
1780
47
3
609
732
2010
6
32
544
1590
1340
34
7
4
28
1152
805
27
36
2485
1267
7
32
5
1300
840
13
24
25
1
804
8
14
7
28
19
2
253
1665
750
3570
1554
742
846
27
909
5
1232
15
2154
14
638
423
37
1295
1239
1
13
13
33
11
15
126
15
9
512
1
4
13
27
19
10
32
14
6
16
2
10
23
17
312
8
6
714
1635
2220
27
10
352
19
635
1324
15
1818
20
1852
286
31
2080
19
43
18
2
1464
1524
18
28
21
1592
13
21
1200
24
459
20
588
154
75
608
7
33
5
17
9
35
31
918
7
1914
1206
80
595
11
1122
1374
11
7
33
680
826
272
15
19
46
30
4
18
30
20
41
750
2382
1375
2004
1674
36
3115
12
788
29
2664
255
2
247
1032
17
10
14
23
9
22
1239
17
1560
448
1750
4
1626
1211
624
2
26
2
31
2795
2160
29
595
2072
834
16
9
66
22
21
774
231
11
26
10
14
3180
8
14
19
35
27
26
27
1057
29
3
1449
2023
27
22
810
304
21
13
16
7
26
37
96
15
40
290
2348
21
1860
14
1
846
2
8
3
168
28
33
1338
4
3
4
2148
16
36
2
2016
2
1205
39
160
7
608
20
2328
1225
33
8
8
3
15
27
680
24
693
2
14
23
1512
730
2
13
2
9
896
8
12
18
2
20
21
12
39
6
11
3222
45
18
28
438
5
550
2015
39
4
6
12
33
1230
7
2
26
336
13
2180
1686
12
2
105
132
18
804
14
8
5
34
2
2
4459
8
2
19
171
21
13
408
276
8
37
18
35
27
5
27
7
12
20
1440
498
7
644
17
17
642
325
1380
52
1605
5
31
368
144
1704
2040
1050
23
24
1
115
8
19
9
30
14
11
39
40
1505
288
3030
29
1036
24
1000
1435
24
156
420
13
26
910
27
34
19
1
7
26
26
10
1304
1980
22
25
10
22
1240
27
43
13
273
8
20
32
1288
19
7
5
17
1405
2525
31
2
8
38
423
10
1912
1962
21
1695
371
22
689
2448
27
14
4584
30
756
511
34
14
3
4
28
2748
1105
60
3
1720
1328
2
400
13
1685
1442
31
1302
2316
810
1485
924
126
1904
574
26
18
624
657
1984
511
36
21
8
24
8
2
35
3
2208
12
1788
822
624
31
1
804
102
35
300
2148
22
43
22
6
31
7
744
7
1800
18
19
22
5
696
37
6
2114
15
8
2
9
405
1095
9
104
3
22
8
40
6
17
36
27
154
2
2634
6
1120
29
2
5
33
13
40
32
24
27
18
1125
15
10
31
9
1332
35
288
2145
26
39
30
5
30
420
17
996
29
9
3
5
9
270
711
3095
426
9
9
4
3
2250
21
25
5
234
3006
17
22
1200
648
32
31
279
3
11
17
560
35
33
30
23
33
180
927
22
23
8
575
15
38
672
41
23
1134
2084
1020
23
29
9
22
8
3
1
8
3
58
1470
1002
2070
20
28
19
2220
11
17
38
927
21
9
33
3
23
12
14
906
882
20
12
14
168
2460
9
203
40
904
36
7
6
658
3157
900
19
22
23
1575
594
1245
19
24
12
32
3
7
50
1512
24
14
805
32
5
960
1512
25
19
870
33
1071
672
1644
22
8
43
168
21
432
4
675
4
20
25
588
4
4
343
910
371
21
7
1218
21
2135
1728
2118
23
13
1
11
1
7
16
21
182
37
560
34
12
38
918
27
1970
33
26
1188
12
468
1060
27
25
4
8
14
34
664
536
5
1750
4
7
96
19
13
824
35
32
894
4
368
584
10
780
850
29
29
715
22
3
1771
28
3
22
9
1045
16
1272
840
29
1670
17
27
290
15
26
1566
504
6
4
4
2
11
28
26
10
15
36
495
260
2900
10
369
1504
15
832
22
400
23
1860
12
1380
424
2170
14
29
20
34
210
22
13
28
8
6
1765
32
15
1645
1
6
1434
2410
2475
1351
1107
12
368
3
29
1932
760
917
17
462
1030
1608
472
23
11
520
12
5
468
790
1233
198
6
247
3
1068
23
21
24
1086
473
592
1176
2
30
14
1235
11
50
2280
9
24
35
909
36
19
88
378
714
1470
2004
5
28
240
39
864
22
1945
39
13
6
1484
24
225
18
15
1
2
18
33
539
8
22
33
444
20
20
20
7
469
180
17
1407
23
1
14
41
480
7
602
1320
376
480
460
28
44
2355
14
623
581
40
12
1086
32
10
14
27
36
44
2
27
25
3
28
14
29
9
37
1735
72
1
2140
9
16
19
33
10
11
3
12
28
7
13
1572
1242
29
42
1
6
7
2030
99
1610
1862
15
16
1
30
3
26
1449
15
7
1152
39
896
306
5
2772
1140
2285
2334
115
14
1
1625
21
11
25
19
1
15
2
29
18
32
333
1880
351
1566
27
28
5
2375
520
20
85
396
319
2235
1218
957
25
880
24
9
25
30
34
39
35
37
1180
1001
22
2108
32
24
1056
1806
31
2
32
13
1
18
17
729
1
35
36
1470
996
4
26
256
845
3
37
2254
927
5
96
50
21
9
7
33
1716
24
21
2
1580
4
3
324
18
20
420
1164
660
4
13
657
2010
23
504
5
2000
297
16
2
6
1296
43
19
506
13
330
29
17
9
351
1374
1368
2256
1
3
28
490
33
10
25
9
15
364
616
276
15
819
1080
6
29
198
584
27
22
594
1152
30
783
1920
35
2
3
29
18
4
5
299
384
22
1323
648
808
3
5
38
36
16
9
2
9
632
13
30
60
15
31
11
4
4
41
5
25
612
513
606
5
36
1668
1
24
31
37
1575
1722
1
31
840
17
26
1304
30
1818
610
351
2616
1960
15
1235
1500
12
1
15
21
11
26
10
28
92
16
1168
970
1568
940
14
1644
30
22
14
18
33
3
54
1330
22
630
28
840
16
784
9
2
2300
720
1036
5
1170
16
9
420
19
498
187
18
30
11
1512
1
9
456
2592
632
3654
630
3
4
41
210
18
9
108
1652
1626
1008
11
1860
15
7
108
28
14
1
17
12
15
32
114
7
6
342
30
2628
11
15
621
3
29
39
1
2
2750
2
1560
36
490
24
400
15
32
28
260
1146
3
640
126
351
583
41
423
7
2758
532
25
16
33
18
18
539
2
2265
37
1
171
1674
33
1360
450
387
561
720
22
33
567
20
33
792
1408
29
456
1374
28
306
1290
1416
8
24
1
11
21
1068
3
5
7
22
108
18
27
848
1
462
880
684
2
16
4
280
414
20
13
34
8
29
1452
2945
16
5
47
18
29
592
11
30
2
6
36
3
182
18
11
27
30
2
848
33
6
1335
31
14
5
26
561
9
342
2705
1374
488
1650
27
808
108
279
24
675
30
22
336
2600
1785
224
928
14
21
420
171
32
1675
13
4
3
441
1825
14
31
9
38
5
1592
12
2110
39
396
14
1540
615
29
9
34
36
770
31
30
1480
1356
246
8
21
390
2484
30
2754
25
1995
1825
37
968
525
25
31
13
24
128
976
21
595
900
2875
540
8
2
11
221
1111
1169
2
10
12
2002
33
927
544
16
32
33
312
14
192
7
1274
5
497
30
583
126
75
1482
20
1008
26
3416
1565
11
20
1
8
2000
984
29
17
1246
2
270
20
28
16
32
24
26
34
10
1
1086
10
36
378
37
678
2
3
27
1232
31
432
496
8
1710
308
41
3
2
29
13
924
8
31
36
112
26
540
1164
5
1
16
459
17
14
5
822
12
35
30
3320
38
1745
2
1368
1375
13
23
1815
2075
2470
21
2
8
9
17
1815
1
154
22
1
260
598
37
11
1260
2
1032
279
114
672
2
1715
12
1
835
852
3
2454
1374
2000
17
350
792
7
19
2
28
2814
1695
35
27
38
1825
4
13
473
8
664
26
13
26
5
690
9
515
791
504
1416
2598
990
33
108
28
27
2
17
154
495
6
13
18
2424
30
28
33
19
29
1148
1055
1260
30
1344
1132
912
25
1446
6
26
9
476
30
37
702
28
651
1017
110
11
7
11
30
25
8
208
14
968
286
1535
696
3
906
19
816
2
34
360
14
7
1443
17
1080
40
1268
17
80
1631
6
4
37
1
870
10
34
24
17
24
1710
15
1200
34
17
420
34
90
37
6
12
23
16
19
19
16
3
238
85
2037
707
6
28
1
16
21
12
2268
1810
1745
1685
38
38
594
22
4
6
38
31
2694
209
27
518
208
6
440
32
8
1
228
37
510
685
4
160
132
13
8
31
10
15
24
1525
11
5
13
15
1264
518
13
510
2164
1250
276
3
531
2
20
36
1020
11
242
14
470
805
11
13
30
20
27
1950
2480
3
2072
30
198
2478
6
872
742
187
7
630
11
11
693
3594
1338
1195
2
1602
672
2
13
23
4
10
34
13
2009
8
23
15
2264
4
26
3
13
830
423
756
14
5
6
20
19
22
7
5
34
21
1743
29
15
606
13
16
1542
80
696
10
325
1344
25
638
17
588
34
28
9
11
32
666
665
27
15
29
819
2
31
37
12
32
21
27
6
420
4
25
27
1230
98
190
16
21
363
648
448
40
2040
616
976
2112
1146
45
1068
253
11
550
1038
17
8
1796
1854
6
38
22
882
679
28
517
2280
340
1
15
42
11
136
31
26
376
39
1428
1953
416
380
1704
6
14
14
684
16
32
112
40
16
484
609
1120
1
33
3
16
16
19
7
3
5
423
22
894
39
1
112
768
3
1020
312
1232
12
24
384
36
1122
23
27
1188
5
29
2682
2744
10
2420
29
1010
1
16
414
9
16
26
29
4
760
477
13
570
36
1785
6
2070
11
34
7
20
20
917
480
98
68
29
20
6
225
28
2
1680
34
252
1008
860
10
40
30
945
140
41
405
1176
24
784
38
29
190
9
4
1778
5
1
30
1
21
27
1155
1110
29
37
10
36
25
14
4
440
7
204
43
12
11
1260
10
2274
1841
8
1020
1
684
8
24
675
1
816
783
820
10
33
9
522
351
100
32
31
28
1160
29
440
1325
14
1267
2
5
890
2184
43
798
41
30
24
34
30
195
32
23
105
12
16
7
3
12
7
1
14
31
1692
4
1
2
870
8
3
29
1428
2
33
28
420
28
9
17
3
15
37
39
38
1832
243
19
20
4
7
4
22
27
1336
720
1136
11
15
35
22
825
511
780
14
1120
876
14
33
1624
10
2570
4
10
23
32
24
30
29
3060
32
642
16
4
8
1
13
23
632
663
27
29
10
19
2635
14
2
24
3
4
40
609
35
11
15
8
31
16
1944
9
2436
4
22
1
432
95
576
312
3
14
12
976
407
29
34
41
1080
12
96
39
44
17
7
747
14
32
1
29
14
25
369
4
8
2
28
6
20
13
17
180
32
9
33
20
846
12
22
30
5
707
8
22
36
1704
2292
5
126
928
13
20
536
21
5
533
792
1045
1023
30
19
28
29
648
4
40
20
98
23
1182
31
341
34
704
33
4
26
22
35
1485
8
595
20
37
23
2
17
16
1458
8
18
27
90
3
11
32
7
2785
952
12
1160
6
1755
27
1029
49
18
364
18
14
16
36
15
12
10
37
1044
5
660
121
9
672
1308
21
100
390
2032
17
8
33
18
44
16
10
3392
21
27
1408
1848
7
848
13
15
34
21
3
575
2
616
252
13
777
9
243
180
847
16
24
10
126
21
1680
1182
25
14
20
795
26
1512
714
23
18
16
33
32
2910
40
25
13
744
1729
31
4
8
26
26
16
7
26
1314
2863
21
1950
330
28
19
1
1672
2550
5
1224
23
29
33
15
1842
812
16
11
344
13
6
7
7
30
34
7
1050
9
261
27
29
24
1068
17
5
31
14
28
31
1
234
3
3
1435
826
840
6
3
33
46
5
24
5
31
497
195
10
12
1043
22
13
4
7
13
1026
24
2
27
970
19
6
2400
918
23
2
3
250
12
29
1446
19
10
520
12
16
5
1608
88
4
539
2
1235
1519
16
308
4
29
1332
9
15
36
4
5
15
1270
2730
18
498
3
5
7
2862
707
7
368
2
36
12
371
972
1270
17
31
6
33
1136
609
14
16
2
600
33
28
32
10
26
16
14
24
1386
22
11
19
738
31
1385
1064
15
6
12
9
559
720
260
33
18
1212
460
16
649
1134
24
26
17
41
12
209
965
11
928
728
3
945
13
6
1380
810
30
3075
432
2340
9
37
11
13
279
9
1365
17
224
27
1560
1
14
27
4
12
132
460
19
1512
896
25
25
553
25
36
24
12
1730
900
33
18
30
34
1326
21
496
13
16
11
22
1464
220
19
35
798
16
5
8
17
4
9
511
30
25
23
3
1932
12
637
392
15
1500
1
1300
7
1
968
24
2
34
7
47
1673
3
29
1206
23
560
140
5
243
2334
833
22
29
280
1
16
12
3
15
1095
234
11
2585
775
18
4
864
954
2140
1410
22
1505
1815
33
1260
3
1596
15
2165
24
11
14
2520
12
1145
4
2
4
35
5
29
2
904
4
28
22
418
756
280
1
11
624
600
7
192
2276
1225
23
2
37
160
2250
812
17
42
1224
31
29
9
16
8
8
1740
906
240
4
990
15
11
50
15
1827
28
1095
5
11
27
10
126
7
31
21
7
9
1673
29
13
32
5
48
2140
5
35
17
224
13
2
2220
23
1995
41
1644
8
6
24
153
12
2248
3
1865
7
648
28
13
16
25
1614
7
84
616
8
1
2
1
16
707
21
504
29
18
234
2030
3
1
19
588
1
985
685
29
1040
18
1287
630
21
6
14
1698
5
854
658
26
1
10
1430
2292
16
4
34
7
36
27
136
1071
5
24
29
6
351
24
14
34
11
3
870
693
13
1375
5
768
8
34
1106
1452
1385
590
19
3
4
31
31
7
8
13
11
126
31
2030
30
39
10
18
21
517
5
4
34
7
1008
861
8
20
925
504
1464
846
1168
2364
18
30
41
18
26
16
7
1755
495
266
4
20
3
25
32
38
2045
2106
20
27
11
1900
30
21
1160
1456
35
27
24
34
13
11
240
532
37
80
1860
31
1
1778
7
22
5
1338
1032
644
3
18
19
9
21
23
34
15
19
894
2912
132
7
22
12
27
6
450
1274
448
7
17
25
28
1950
20
2
17
1448
4
25
30
20
37
1145
37
1120
4
42
1
1
1470
585
2886
21
30
2030
17
35
1
1
1056
15
4
16
29
1680
5
280
33
450
13
950
330
405
41
38
3
990
16
22
29
12
25
702
18
24
20
17
1
28
1130
8
11
1656
721
468
10
819
1134
2
9
28
31
14
440
17
34
9
11
1
3108
2
28
320
30
1400
21
25
14
7
24
119
32
21
5
5
882
45
22
34
17
37
584
30
21
48
1064
9
8
12
750
228
120
1026
27
14
38
11
40
30
12
1088
8
4
30
26
29
221
4
5
43
1356
5
1
11
21
182
30
3
14
15
24
1775
4
8
15
32
11
2050
5
1530
29
33
4
22
120
41
1510
1
240
3122
224
3
1692
500
34
5
30
25
1515
368
187
1040
20
1950
17
19
29
21
22
418
17
23
28
580
1010
600
2755
707
385
20
5
1750
630
352
3616
196
3
3801
17
630
432
2904
12
968
10
2107
19
8
980
1330
1673
242
238
539
150
42
4
6
24
1662
8
17
32
15
27
594
44
25
32
33
15
21
297
1
39
4
608
497
14
2280
1476
1494
10
16
1463
11
60
2444
33
24
7
1981
1
19
17
26
30
19
28
330
36
22
4
37
4
26
434
606
7
1224
3
13
798
1085
28
1170
324
9
12
17
800
1330
1685
24
5
1248
2
17
1240
18
18
323
22
17
1434
2628
23
2015
4
10
1350
608
12
14
10
10
22
21
1730
198
965
21
1
28
31
13
3
2060
16
11
24
7
360
368
9
16
31
14
180
38
108
84
11
14
1323
2
623
31
23
1604
1998
29
1104
40
1494
1120
38
11
2046
1048
5
1043
2016
1248
14
2198
984
32
6
696
96
492
1746
2
1905
13
480
745
29
1110
19
384
13
2
623
38
1218
19
1790
6
1168
1089
198
23
31
495
75
187
882
22
1326
37
7
8
31
1008
1575
11
28
31
468
169
1644
2
24
26
13
4
511
2275
5
4
10
2
1300
13
35
2140
16
2
25
25
24
31
1395
666
1080
40
16
16
18
1698
34
7
4
33
26
517
24
10
616
6
7
22
630
1330
1902
679
882
1098
2016
5
9
39
16
3
35
810
1758
780
340
1290
440
2490
1448
1554
396
744
2545
20
21
144
36
777
32
1090
798
9
25
22
18
12
889
2970
20
29
2020
19
24
31
26
24
19
3
32
270
34
352
2598
19
36
650
880
12
9
36
17
1362
234
728
24
6
16
1
13
644
8
3
18
2370
10
29
10
3
3
25
100
1040
25
37
1305
504
680
5
30
18
30
3
3
972
24
1236
37
13
5
432
36
37
17
1110
1
10
13
2046
39
312
27
27
11
36
27
440
1332
1424
21
910
11
918
1099
900
636
22
35
10
35
6
40
32
5
1127
1610
816
1475
2874
6
238
37
22
833
29
3
13
19
40
624
15
22
912
865
4
4
11
3
17
693
1233
9
2
812
9
10
2300
3
18
2
12
31
11
15
22
2
15
1735
1008
6
1080
1456
41
13
13
3432
63
26
24
38
8
1062
33
15
35
7
2
16
14
29
1
10
1812
22
1225
1104
786
19
28
6
8
4
29
198
29
1120
15
11
1008
35
1085
1305
28
16
36
72
170
1506
304
28
26
34
24
875
11
34
4
13
2110
31
5
1785
38
1530
14
156
2
6
450
7
26
459
945
1795
24
294
546
240
2735
520
1848
1992
1314
1030
2010
2664
15
750
1
7
350
23
1134
2280
16
30
7
36
210
2480
1230
12
10
11
1245
4
15
1836
4
1014
21
19
1
29
3
65
984
1650
230
1116
8
34
8
24
8
30
11
5
253
4
1044
25
20
2
984
96
6
984
11
1072
25
2504
2
60
11
10
34
10
16
30
872
22
1272
153
820
1825
14
2394
368
1332
624
152
1705
954
35
19
2
835
1536
2135
2
14
2215
12
6
182
6
896
7
28
156
2385
4
28
3129
11
2065
4
32
16
594
11
2
1200
38
21
35
1
36
27
9
820
152
39
380
996
12
35
568
2
924
168
12
1104
49
16
25
37
16
13
32
12
22
12
38
36
720
1918
10
1896
584
352
3
1305
21
1670
14
25
791
504
27
26
1434
3000
1650
37
23
2
660
4
23
270
21
964
37
31
620
19
22
36
1152
5
28
10
8
10
504
690
17
5
2478
2130
35
40
12
13
14
24
483
315
15
1515
69
1805
13
24
37
17
780
38
224
416
24
715
11
264
403
497
13
8
25
3
9
3
24
608
22
632
2604
1740
198
640
35
22
1265
14
250
4
22
30
798
948
13
126
33
8
4
10
21
30
35
16
2
19
44
1071
20
24
1
13
260
16
3000
1
19
1515
32
1806
448
1463
35
2
18
966
3
112
5
18
31
2
297
540
600
1056
34
25
1869
19
54
23
2892
342
1
210
1092
42
1701
34
26
1848
17
996
944
1638
3
1
912
120
1860
37
561
11
6
22
21
1204
1020
22
341
18
1184
1242
21
2325
16
17
585
234
21
160
1995
156
528
23
36
742
208
15
21
13
20
1445
1
40
20
1113
15
18
15
29
210
34
17
18
1188
204
23
1
464
23
264
1652
1850
21
804
17
27
56
27
37
9
14
31
1580
1
4
24
26
28
15
4
4
4
9
4
4
32
1965
31
2305
27
182
602
1275
5
602
18
37
28
26
38
13
1180
9
441
25
7
333
1854
560
1932
208
19
105
18
294
6
36
684
1
39
17
34
276
340
5
2
38
17
286
854
36
488
240
7
13
15
1692
5
17
1
26
29
8
1
595
2380
17
1
744
6
3
894
2060
5
2
36
5
5
1416
850
7
6
18
18
735
14
18
35
441
22
24
1266
636
224
38
7
7
4
696
19
5
260
28
15
675
38
9
180
15
10
28
2276
963
10
3
1032
27
7
696
544
8
2595
1484
1455
29
560
1
11
14
2
37
92
1330
14
12
270
665
390
29
40
31
784
14
35
26
12
1456
13
522
8
38
6
1584
441
23
32
528
6
784
29
1464
816
15
1
132
11
12
774
32
16
171
3
240
26
17
320
1
33
15
17
2
20
2150
34
29
2
30
1445
32
22
24
550
29
11
13
144
36
636
29
117
2
31
290
34
1
1505
510
31
3678
14
4
238
10
27
5
11
504
17
1
320
1
1815
36
1254
17
1580
7
7
29
656
6
8
9
16
590
39
12
27
33
1216
6
1776
2298
637
26
2
17
1885
280
4
9
464
516
18
1036
105
2808
1
2050
1
240
1680
374
12
12
34
23
3075
23
37
13
9
5
1
560
468
36
19
34
10
35
6
23
21
7
10
1176
13
23
4
29
319
12
21
22
24
708
33
15
20
31
41
1116
16
23
774
23
20
21
931
84
13
854
1288
33
372
968
4
143
1008
240
2
33
34
702
11
28
1182
22
1050
119
792
522
11
856
7
5
209
7
7
6
240
19
1550
39
1745
96
27
657
1038
1935
12
10
6
28
16
1480
1610
19
1
300
950
25
22
3
4
14
1056
300
2
952
230
915
1848
1290
8
17
19
208
13
27
15
1000
936
400
1050
1225
1165
1848
24
26
1265
5
624
11
8
19
43
1660
18
1884
4
2442
1265
286
176
20
936
34
120
464
64
7
9
5
13
40
288
22
984
27
2610
9
1920
27
11
18
4
1494
252
1932
27
2
1
8
2904
384
5
34
374
36
5
1
1026
8
1488
28
6
8
133
7
15
18
324
34
17
36
31
238
20
882
1288
108
486
828
20
35
9
6
17
1
460
29
34
27
2
925
9
8
2
4
2020
387
987
798
27
23
22
20
448
5
37
352
7
639
423
29
31
905
2376
550
37
27
16
624
31
216
8
120
7
486
12
3090
15
512
21
4
3
3
330
6
1176
19
170
24
32
33
16
8
22
2
36
666
31
15
9
320
9
10
30
1325
34
7
153
35
18
1596
3
14
2457
588
27
6
672
721
1
749
792
4
31
456
16
642
68
5
13
28
567
1568
27
930
714
5
187
3290
16
24
1208
143
200
25
24
1116
30
306
37
34
30
3
24
7
36
1542
255
40
2676
10
24
8
870
17
5
26
18
34
774
40
36
1002
32
95
512
13
2100
20
1757
26
1020
2052
6
1355
15
115
7
18
1518
3
1158
26
32
21
304
21
19
280
266
3
27
14
39
15
510
2
912
243
3
17
531
2358
15
670
506
28
854
195
2648
1845
1935
12
5
696
9
2
728
29
777
29
1176
10
1152
210
585
3
1
296
22
1897
420
12
2325
9
1032
3
567
2670
37
65
360
28
1372
9
23
35
4
3
1160
1284
26
448
16
981
5
18
9
846
4
1608
8
984
738
26
41
2100
2500
63
666
25
23
35
1
912
17
13
30
1446
1370
11
6
672
21
28
18
10
21
19
2
27
9
34
19
25
1912
37
8
630
4
27
6
12
24
19
15
7
18
30
29
10
232
1875
17
3311
27
20
1938
2214
2085
12
2912
17
10
12
2
637
90
1160
3
15
19
624
31
276
13
16
47
14
312
440
1
9
6
4
15
30
34
9
15
3
1
1525
572
21
21
23
15
602
26
209
2
710
35
7
1704
11
11
18
19
23
42
40
25
450
16
4
1782
30
3
32
29
1330
27
1410
8
1332
5
16
2212
480
28
666
994
18
6
636
1644
1374
26
33
13
900
574
6
1505
2
31
1
14
16
19
1001
1380
228
1440
66
35
1206
1235
31
24
19
108
7
1704
35
29
1194
84
1584
18
1840
420
210
3
2828
25
27
5
42
37
13
13
19
39
2
6
16
12
34
32
12
14
29
679
4
25
29
7
34
6
27
710
13
18
860
1855
460
1206
2
798
3520
4
1605
1056
24
11
1590
808
5
10
623
400
1540
728
2875
2365
8
35
40
23
15
1908
21
108
459
18
10
1155
3222
15
396
35
3
2050
3888
14
1278
5
1064
17
4
144
5
14
170
2
35
1872
320
2016
3
26
1056
8
35
14
29
28
1729
84
840
12
1
440
29
6
3
12
1
1350
679
638
648
8
4
18
39
12
1674
4
700
1660
3
2
28
1287
16
2100
1470
14
13
112
180
26
966
890
10
33
5
2430
2298
17
1
812
18
868
306
370
25
19
854
19
16
11
4
2660
18
8
1644
777
22
36
15
42
24
2
2
28
16
624
1530
4
245
3
9
13
1865
1332
5
18
1
26
2265
1340
33
31
208
14
2016
13
8
8
300
315
23
324
36
924
970
3129
374
21
176
2448
440
10
516
27
27
16
19
2145
688
5
12
2190
1752
360
1300
11
28
459
15
4
1106
132
12
3
1470
21
40
865
1
19
1470
19
495
9
948
9
464
822
196
336
2195
368
26
18
16
1496
2
1134
5
3
7
1712
396
820
330
588
9
2466
1
20
25
1
3
18
37
1800
240
210
3
1554
344
232
5
17
570
400
230
24
5
23
1596
208
19
36
665
1056
23
5
2303
24
286
26
6
33
948
1
1428
1280
8
1464
234
90
1662
12
23
19
13
1885
240
1090
9
1242
2
15
33
1800
2
5
34
8
3
11
176
9
40
23
26
33
6
744
5
343
940
3
594
1134
38
1860
1698
28
23
17
2
90
325
32
18
30
1176
3
19
1440
9
11
1044
15
35
2216
3
2004
43
31
14
2470
12
126
8
930
1253
13
15
30
8
812
22
2046
1086
594
576
28
621
1610
11
39
1107
2
18
12
29
242
24
11
25
1992
39
520
31
738
972
9
915
15
14
2
40
18
441
1180
540
37
27
28
2
1764
3095
2
27
23
42
14
1230
39
8
13
945
1500
9
10
728
2022
4
2
5
21
5
2
22
3
602
1
18
31
12
1145
6
4
32
2620
1414
7
26
32
680
19
34
5
4
21
2
33
260
560
42
473
1498
7
4
905
378
32
27
22
210
2280
1952
11
10
5
6
17
22
26
264
1656
270
528
392
1120
31
6
451
11
2358
4
720
13
328
6
1
26
22
42
16
756
14
26
612
42
9
25
14
16
279
6
1314
1
31
16
1477
13
1122
40
1290
1176
13
1015
1288
1365
12
108
10
240
264
18
13
336
11
8
978
6
912
11
25
17
1169
12
96
4
2245
8
22
1
20
20
10
750
28
41
18
1
28
20
23
16
671
702
36
1356
7
10
4
2032
4
2284
270
31
420
1585
9
2
5
29
1043
66
28
19
32
25
5
15
5
11
1825
14
18
30
8
8
20
8
1920
19
1410
32
16
935
8
12
539
2
35
1792
970
1040
385
43
360
2232
450
2
1572
520
17
917
708
16
14
21
868
33
23
310
1152
1685
10
5
1225
1
891
5
19
10
1086
19
2508
474
1608
10
2695
1330
20
90
1080
176
25
2755
18
1865
12
13
22
380
553
2004
5
3
24
1090
30
2634
21
572
12
2
735
14
9
9
37
14
910
180
9
1120
336
1365
19
973
16
30
3206
15
7
826
25
35
5
7
165
4
7
31
41
448
17
693
26
25
36
553
2316
114
120
459
2335
4
340
9
1
32
276
19
32
16
1566
7
2
1585
33
924
19
10
6
1980
22
1540
16
3
7
13
1218
686
770
110
522
301
24
3143
26
1170
616
19
7
4
9
3
11
1662
37
26
18
12
1
290
22
37
472
1422
23
15
679
1
225
12
2840
5
2070
408
7
6
8
120
2
6
8
7
6
6
34
6
7
29
27
4
13
8
31
9
17
6
168
22
468
143
2060
23
23
2
30
1
1360
920
1424
1806
6
39
13
678
24
42
28
1182
29
32
11
37
2
480
1425
2815
14
6
11
840
21
8
35
1
6
924
296
2
17
36
624
140
8
19
13
26
1246
30
16
1296
25
552
1386
12
1782
1700
5
585
24
5
1000
3
280
1392
22
15
2
16
6
774
18
721
26
21
34
2457
341
1650
546
40
1
3192
288
31
1050
288
1956
639
25
13
1337
29
10
16
1
416
17
444
22
405
5
4
17
2075
140
927
20
38
840
5
30
1
3
600
2676
1057
440
16
8
1589
36
22
1370
13
180
30
1344
15
1928
3920
468
32
25
38
1064
2
824
17
14
456
1010
2492
2080
406
3
424
1305
10
1
27
5
984
18
12
6
9
651
27
18
1625
948
1212
21
1608
2196
26
255
14
2660
16
11
9
252
812
896
39
7
3
833
23
4
29
18
32
30
18
4
1
95
13
3
672
30
2
363
2
906
6
41
486
13
11
21
6
19
1232
19
31
19
8
6
35
8
1
1099
24
17
11
1
34
9
44
774
33
2016
822
18
195
88
15
1355
4
25
21
26
128
21
31
728
37
24
7
10
25
24
5
2
15
16
10
21
1548
5
426
1242
924
11
28
700
1134
32
17
306
1995
10
12
17
1065
1
786
14
539
22
1735
30
2
1875
920
32
15
26
126
23
38
13
198
1
1146
1870
24
204
22
9
275
36
27
19
9
25
1022
795
13
75
42
208
2010
7
770
2376
3
2
35
1
1116
1771
2135
8
952
14
37
525
1141
868
1168
984
2
15
234
1355
9
1
17
15
15
1885
33
12
144
13
58
726
833
1240
651
22
16
11
2
702
240
1812
27
26
6
22
20
9
20
16
7
1477
21
616
1
539
35
1155
19
984
3
2010
9
1106
1128
448
2586
4
2
29
26
26
210
34
3
18
1
1188
6
21
657
13
553
7
32
3
35
768
408
4
8
935
1430
1
9
1008
2140
29
819
19
24
333
1032
2
1280
1424
255
804
1790
576
2815
180
33
1422
20
38
17
11
21
22
512
7
525
29
38
1025
19
14
2
950
15
822
20
8
1180
1565
1980
3
9
1746
1090
910
780
25
13
28
6
900
1332
1554
459
384
16
17
37
2
13
5
1520
500
376
714
2140
735
25
13
24
10
18
30
12
16
1712
4
14
108
1
1246
14
180
1340
946
17
253
21
801
5
600
1350
32
21
1660
2070
4
2114
144
9
450
10
108
20
5
12
22
3
28
8
24
33
1164
1610
1
4
3272
1127
518
32
32
2
3
4
712
1
1980
369
1512
37
15
1120
451
264
510
973
328
36
360
5
28
18
477
2023
826
32
5
2
820
1120
104
221
170
1008
23
1143
936
10
180
5
920
6
1970
14
19
9
5
14
5
711
10
903
37
34
42
1336
2188
22
510
1365
6
25
36
25
3
580
17
98
22
2114
1355
36
1
1515
1248
16
11
1218
14
41
286
576
39
600
6
16
168
4
26
1017
2
690
1512
1254
31
21
1
696
16
693
26
1304
21
35
690
20
38
497
8
656
3020
1184
3336
1200
690
34
9
31
30
2
2
22
22
1104
7
8
280
16
10
28
17
189
511
7
19
24
306
9
27
27
846
1148
6
2290
8
726
34
1232
1794
16
160
279
21
10
9
4
11
15
8
2478
14
873
37
42
21
32
19
17
2
1895
1200
12
1098
2040
1980
2
600
286
49
14
31
1260
4
19
26
28
36
25
216
29
1694
20
1684
5
63
11
1743
18
31
11
294
16
13
1
1005
624
26
16
38
6
9
876
42
17
18
24
23
3
3
17
2
3168
672
16
16
20
260
1
600
7
120
14
17
30
26
16
17
280
27
31
15
17
90
2
18
364
28
221
29
16
11
29
24
75
19
21
30
33
14
22
25
27
558
150
133
4
1295
378
23
2724
29
1554
22
13
208
896
31
2
16
1336
477
26
3070
10
28
21
4
3
720
1610
610
33
21
21
13
1565
1652
34
950
1
14
1045
784
23
12
1830
32
144
31
27
15
15
15
1416
2
8
1464
2088
35
28
18
30
15
30
13
7
744
938
25
8
632
342
5
11
666
6
434
1638
350
1652
5
2526
4
18
2
10
8
17
15
390
31
27
5
23
28
2028
791
9
2
33
6
38
658
21
1
1062
2
32
1705
45
5
32
30
966
23
1288
1
2877
10
30
21
8
1832
7
1
408
352
1185
714
13
906
37
1990
19
18
2
2125
11
10
1029
288
2
5
6
2548
3
272
11
24
1785
29
12
954
5
882
2780
1
1770
34
2880
952
3
102
21
3
1110
34
21
40
154
10
7
23
28
2
8
4235
312
11
448
21
14
168
2665
2350
1080
308
11
4
774
272
26
24
2195
3504
4
600
14
1950
10
1267
1032
1640
13
19
132
468
25
1445
700
805
22
16
36
1492
3
19
35
1808
23
23
28
3
12
712
22
1098
25
2895
19
34
275
2
7
2
33
640
2070
39
7
11
34
216
410
1068
504
25
3
330
360
2
17
6
17
27
23
2
36
889
5
16
25
1870
75
7
27
26
2035
987
34
828
1188
230
30
6
1176
792
3
5
20
10
972
32
472
1000
26
26
8
336
12
26
810
14
24
22
14
2
10
1120
29
20
14
29
660
1990
42
20
7
27
228
1572
1105
24
29
472
17
176
1
8
25
28
135
13
1968
15
4
30
11
495
29
13
1230
5
18
30
815
165
423
1302
13
1
19
1338
12
7
18
1032
20
21
810
942
306
1134
1750
17
567
632
4
108
8
672
43
13
470
432
328
18
11
2
3
11
1477
16
33
1536
22
2232
336
46
2
624
539
10
6
39
32
17
28
2844
19
2832
68
1184
2135
16
20
13
6
13
15
180
11
24
8
243
11
9
1288
1764
2
204
21
16
15
450
33
7
480
26
10
27
600
30
13
3
678
3
11
20
6
9
1631
17
28
17
15
474
1010
208
320
3
2
21
33
2
26
16
30
144
357
40
7
1825
770
1125
1350
5
2295
360
576
5
15
2
25
27
9
833
8
12
330
29
221
880
10
35
10
4
1352
3
930
14
33
31
4
816
612
14
1035
972
156
2
3
301
756
1785
33
18
8
208
36
1
1110
10
4
32
5
2
165
25
7
160
1610
12
18
33
2
48
1270
10
609
21
4
1
22
36
5
1000
23
2508
17
1
1146
2100
798
18
7
23
4
28
7
33
34
20
11
3
1205
1755
1998
10
171
180
9
852
333
7
1852
5
1715
17
14
25
407
34
21
18
1694
11
1494
8
833
1045
144
12
300
17
1072
28
25
23
25
32
2
480
42
114
21
34
938
35
35
4
550
1122
945
408
26
16
456
154
583
468
23
7
35
26
387
1460
1488
36
11
29
462
1120
306
11
22
1310
5
114
13
46
1141
1251
2120
11
1
322
20
180
7
15
1
5
26
1012
1328
18
1
220
10
21
75
351
31
72
17
427
36
2040
26
2
399
9
26
2
14
2154
18
48
1392
33
21
2
38
720
198
9
20
208
2
2
2450
19
889
749
1476
28
243
30
29
1470
22
300
13
12
144
1255
1
894
1220
90
1285
27
384
1392
27
1
14
12
6
29
1484
1476
11
12
531
7
16
21
2125
855
33
1296
23
16
2430
1320
2
23
2
31
4
627
54
1330
2020
847
966
2490
2208
14
20
40
1
2
870
612
36
600
25
12
1818
14
2415
28
1
1
28
9
2
791
28
40
21
31
12
1308
18
30
130
11
8
1115
430
27
5
24
1416
37
40
14
840
924
130
11
14
555
360
299
15
2
10
27
35
1
1854
1540
19
1
4
704
1442
3
40
210
12
1560
2
3010
22
32
16
3600
410
15
23
1170
3
925
1764
650
19
737
35
5
980
25
6
16
32
200
29
1350
19
19
4
1
54
28
1792
29
504
3
15
46
12
1
36
169
32
252
70
34
170
1200
4
9
2
15
8
4
1092
368
26
2
5
34
912
286
14
1480
29
952
7
12
26
32
135
29
19
15
2680
1410
15
14
1419
13
98
13
121
1547
888
6
36
2265
406
678
1750
34
30
32
10
10
25
756
20
33
2022
792
10
27
2176
909
966
2604
28
32
2
8
34
23
600
30
29
21
5
1548
62
26
5
525
2022
24
18
9
18
10
8
2040
1
80
135
595
64
60
4
31
34
28
352
19
200
28
310
1624
24
632
35
17
276
17
6
2
10
8
654
31
5
1470
2025
6
9
500
25
1
19
14
38
2540
11
280
31
37
42
24
13
1396
27
21
1350
31
26
750
405
1
34
7
10
20
1104
11
2160
30
22
23
5
416
16
21
20
3
805
484
29
1260
888
2
22
608
506
11
1248
1
32
450
32
12
15
17
12
984
2454
10
7
19
930
13
13
11
38
24
10
66
276
440
33
1232
31
1056
693
1152
480
28
24
1
35
16
6
2754
35
32
38
3
6
1626
333
5
20
1465
1
4
618
4
1162
15
576
19
22
5
603
1248
11
3297
1856
34
15
13
10
27
6
1
1602
320
9
2037
1590
27
1184
3
1716
243
12
351
4
24
280
720
1184
6
464
20
336
1024
14
1482
8
1332
108
330
10
162
224
25
978
1535
1
786
5
252
1030
15
6
39
26
43
4
14
3
37
2
16
348
2
1141
43
15
696
324
990
6
2130
2130
270
1518
13
1260
3
14
1608
2176
11
32
27
1071
35
16
27
33
5
1516
25
23
14
24
12
81
41
16
10
5
12
27
78
4
40
4
870
22
7
2
12
24
4067
1008
110
31
14
27
1260
37
40
78
32
9
28
2604
9
5
35
21
496
32
22
4
5
1071
40
28
23
12
432
8
32
7
480
905
16
14
297
8
9
735
3038
22
11
22
904
17
1542
1
24
540
39
10
19
576
6
4
1421
7
9
1431
4
1463
16
28
7
30
2712
63
464
17
2
170
23
16
861
2412
34
15
1812
21
209
33
6
29
2
18
56
1220
17
14
40
34
1250
1374
1775
28
34
720
30
39
2
23
36
396
264
33
928
36
46
17
2
1302
954
1792
4
12
636
13
5
15
19
6
1
749
550
30
14
1
372
2
2233
29
14
110
15
120
560
22
2412
24
2
32
27
22
10
1185
14
9
10
1976
324
1645
1188
7
1188
456
1498
10
1164
5
30
36
6
38
10
16
996
34
648
238
1440
30
5
890
20
22
1332
460
7
17
20
834
24
1530
648
39
20
15
1080
9
20
450
3204
630
696
1
132
143
234
32
714
23
27
29
13
33
44
768
15
714
1490
1
9
10
1
21
2
35
7
588
270
1380
1686
264
11
810
28
707
8
506
2
9
15
150
24
38
742
4
19
1540
23
25
24
2444
312
959
5
10
16
2560
22
959
1536
17
432
1188
1185
20
37
528
1204
26
1510
31
1080
1638
2065
26
5
2212
32
1434
28
6
182
396
16
300
990
2
860
504
2855
30
23
18
8
38
1386
36
12
952
560
35
24
2
3
472
520
3
33
1105
12
688
3330
41
14
2345
2286
29
13
22
140
17
4
4
720
5
1
34
32
8
5
784
1
40
912
14
14
31
427
1568
15
26
14
2
3126
4
1449
39
25
1345
14
128
1866
1578
400
5
333
12
150
42
29
30
35
1575
20
23
1476
34
6
560
22
11
960
1975
623
14
1815
27
2
14
180
176
20
20
3
1
26
35
23
530
903
17
1676
31
7
10
784
22
12
33
1940
496
1
43
22
7
1708
14
15
90
18
2
760
11
1455
26
880
3
28
5
34
2325
21
17
1
13
25
10
2064
4
168
448
34
1122
770
1470
1
30
21
19
3264
2910
1150
24
13
2072
473
1676
15
30
12
32
31
7
1816
121
18
405
26
10
11
28
32
2298
30
4
480
27
756
1340
37
23
23
32
325
26
4284
26
35
2652
17
2
28
828
558
3
826
2
144
4
27
7
1395
378
16
2655
14
966
1190
9
10
1380
17
1218
40
882
26
1
15
6
660
3
9
37
28
2946
13
20
5
2070
29
128
520
960
7
1030
2645
528
17
352
534
31
1239
1470
2545
32
7
1575
973
1328
24
2
10
5
180
16
36
352
168
4
23
21
13
6
2052
1125
910
25
1635
6
1
27
8
14
1196
23
27
1
690
16
8
18
33
1296
2
150
945
2996
8
3
594
29
21
34
16
1236
1884
1386
7
1
15
17
990
11
1080
1566
1074
266
15
1615
4
5
16
320
336
812
2
180
1998
20
1914
570
455
1170
833
17
25
22
1005
16
1
23
2190
2395
27
25
984
2280
1205
581
581
2820
1064
35
1072
13
90
29
21
2540
1
2
13
1278
34
130
13
816
640
15
19
32
9
1152
16
20
119
40
39
2920
8
29
1565
1050
2
7
1194
264
7
19
1
1256
784
848
4
6
25
11
1040
28
25
600
13
1872
1150
20
2860
2
34
3
18
38
420
34
1816
39
18
228
6
25
1
14
3
14
27
3
40
657
623
12
22
8
18
64
5
816
238
25
252
1110
32
3
13
24
28
5
27
19
19
18
17
1136
152
403
1908
37
5
456
5
5
1
208
1650
12
540
28
1
16
7
32
12
25
15
1434
34
23
4
29
25
6
28
1072
24
990
1856
1128
30
22
15
2223
12
576
1656
25
1974
31
21
2520
12
27
33
11
25
25
1100
15
20
42
14
42
21
15
1
1265
17
656
2
34
8
1
1470
1210
13
4
22
1463
1875
18
16
15
432
30
704
23
9
483
27
768
31
26
1
14
14
15
30
1565
14
1
2
30
85
32
1335
10
1820
120
253
6
468
1265
1015
220
12
5
490
450
2
560
23
882
15
702
323
1130
19
32
28
11
5
735
27
1014
36
128
266
4
13
34
32
40
3
210
7
20
616
22
7
7
15
63
14
216
15
9
900
6
8
34
56
23
20
272
21
232
28
402
18
13
23
1
1043
16
264
2382
429
3
924
35
3
26
31
1630
1
2
2250
33
2070
25
171
2085
31
1302
865
1309
24
58
9
24
9
15
567
17
1434
28
682
16
299
24
1064
1169
1072
66
664
19
144
18
2952
3174
1590
5
325
928
1350
25
1386
11
1008
819
37
1086
1722
1696
360
11
555
2358
18
28
17
532
679
5
3
13
1424
20
18
2256
7
28
4
972
984
34
1239
762
9
12
1116
20
2
32
1
8
360
240
13
300
3
20
27
22
9
33
1380
105
1270
5
656
804
21
370
450
392
2
4
36
26
26
36
7
35
34
28
549
28
568
36
26
1
22
17
374
17
266
6
29
462
1
610
46
308
34
15
16
18
11
29
2100
845
221
31
33
30
11
351
1
5
8
31
371
7
1
4
33
42
12
978
2
1695
1
783
34
9
1152
1340
15
32
4
14
16
2615
11
20
26
32
17
72
22
1505
1
363
19
22
4
640
2070
41
18
12
630
602
2358
162
14
41
40
19
1840
16
180
24
32
36
5
13
48
1152
2118
5
585
6
430
160
803
6
1170
6
3
24
1206
1183
1194
8
2060
17
363
1242
6
9
34
2975
22
11
25
1290
180
4
642
24
581
20
795
3
36
12
256
5
2030
21
9
595
18
29
29
34
15
26
2
584
7
20
29
8
552
336
870
29
30
3
42
29
972
11
28
15
352
22
11
835
10
5
4
5
41
22
2
468
2240
144
1015
1284
20
16
9
112
2072
2
1344
2330
5
12
2210
534
27
1179
760
2
39
5
9
18
112
46
14
6
1134
26
210
14
408
7
18
17
224
29
728
640
6
21
29
584
1
11
34
966
288
798
100
2000
36
1410
9
30
15
23
624
35
34
1547
363
18
46
1290
864
630
45
696
1670
26
483
856
786
822
31
1995
196
710
78
1405
23
250
625
25
19
2
837
19
29
990
23
1740
14
27
528
2874
756
40
88
270
30
738
19
1330
351
24
728
29
1410
720
32
11
2
1525
1644
2
14
472
2
7
714
2250
22
7
1036
13
1616
20
6
25
25
2
2212
7
28
21
10
20
1256
11
247
11
29
1192
322
2688
2
15
32
20
696
11
13
5
4
483
1312
2842
22
25
24
8
41
25
26
35
18
4
1188
312
22
2104
512
41
14
21
5
20
3
840
825
42
22
495
6
1500
19
656
2040
664
7
12
1002
3
12
972
4
36
1074
959
33
530
21
2634
46
3
8
765
23
924
496
28
39
9
7
2
1221
30
30
581
12
21
16
732
1386
7
8
12
1072
504
657
894
38
18
1176
29
32
1760
29
1652
441
427
18
22
2082
30
32
1900
121
959
826
16
2190
798
1683
182
30
5
378
320
8
35
37
7
34
19
31
23
13
4
714
1215
984
132
6
670
8
114
13
1218
165
6
31
1025
405
5
2570
11
30
640
396
17
30
6
33
27
1130
364
8
3
1
2400
4
91
1224
8
642
22
798
5
3
612
561
1116
12
364
1188
2080
32
36
8
22
4
1125
24
1488
2
6
169
3
16
1035
14
36
1
1813
6
710
27
26
24
3
23
1
7
16
2745
15
570
2682
6
576
238
23
23
1200
2455
18
504
228
5
13
27
2
11
39
23
1300
1416
195
380
38
320
30
24
26
8
11
36
56
6
8
4
22
4
2064
36
13
396
1686
1988
387
31
7
21
896
890
13
1050
630
14
26
7
40
1375
5
280
396
12
24
9
8
1
250
3
3
7
924
30
1199
7
1
21
1446
880
276
424
11
29
29
12
1302
36
25
1815
2448
1386
24
24
2
1
224
17
264
1
1190
1256
26
37
15
34
854
29
49
357
35
15
2495
330
2682
3
35
10
29
26
2580
846
39
7
9
1835
704
25
1197
32
25
2
21
22
28
476
570
816
300
10
38
783
40
1560
1835
7
1385
34
1
1416
30
4
2
603
19
4
531
568
2
2200
32
1278
30
9
3
1246
69
6
24
20
6
21
1127
2535
5
23
1554
1890
1176
870
13
296
672
1
564
2560
4
26
21
26
2
29
26
2205
25
20
6
26
13
2
924
10
40
7
4
1431
27
9
612
13
23
930
1320
11
1
2052
25
500
26
2286
78
9
1652
23
930
12
23
23
936
34
1596
2160
34
1035
6
24
29
4
8
9
10
805
24
370
29
6
250
20
576
9
2
763
264
20
1712
18
1631
441
1288
1566
18
5
6
18
31
380
1680
22
700
23
1
20
480
6
783
847
2695
80
28
657
22
28
351
1
26
8
2785
348
3
4
9
1043
1074
34
81
572
600
32
1638
32
27
702
40
35
38
28
7
2838
165
441
468
1116
23
1210
23
4
656
1670
3636
30
15
1820
351
1428
602
228
18
15
1920
34
426
16
34
488
882
14
828
19
3
1855
28
34
14
26
19
242
33
5
6
16
7
1430
1495
320
11
441
1416
33
36
22
1162
6
777
21
2
567
910
720
23
180
37
30
12
2088
957
32
10
5
2
1680
2172
3
8
19
26
32
15
2
528
804
11
3
10
30
160
24
1990
25
38
1376
10
37
192
4
360
1400
29
20
34
42
40
39
88
2964
1
4
1134
41
2052
8
495
10
455
8
30
10
26
876
10
1125
895
798
888
11
584
31
22
196
24
18
477
6
3
1992
27
1578
6
35
26
1395
4
1320
3
18
4
363
1672
21
1446
16
10
763
1053
1775
3
846
1748
894
441
240
21
2968
12
26
360
20
1048
29
1512
1440
1585
12
1554
31
20
2
91
1
6
19
187
1668
6
38
760
1585
1128
176
795
12
13
3
280
1239
150
143
1265
16
9
31
36
31
1914
8
5
28
2260
5
38
2155
6
1725
483
704
24
875
10
651
4
8
11
1863
11
3
29
11
1632
1225
4
24
27
875
9
36
280
1260
8
14
14
3160
9
9
1000
468
720
2736
12
1884
3
13
1078
2
1872
24
4
3
1620
2024
1350
32
1
12
6
3
1452
23
13
6
380
1220
2
8
594
80
3
750
12
2947
28
4
20
8
755
4
36
660
513
2
696
76
19
23
4
812
140
9
99
1460
10
247
2
20
407
11
37
120
21
8
25
363
24
1
20
100
2065
35
16
19
8
2
1302
380
1932
21
2675
2
22
4
978
1176
16
2312
1350
1254
35
16
20
9
25
288
62
5
1080
882
27
46
21
200
13
500
300
1
12
296
2580
392
10
32
696
882
2
300
1960
30
16
13
14
1620
7
546
31
2202
2460
10
725
5
21
1416
15
8
504
895
40
38
1380
931
33
790
18
1614
1560
726
29
24
12
948
43
2
675
37
840
28
748
6
768
8
21
36
1575
14
32
18
34
2150
2
5
2024
2160
7
912
30
11
32
2387
1325
8
1884
3
1434
2262
31
13
3
17
20
20
1266
1500
5
310
11
36
5
23
1296
2335
360
1666
13
30
10
36
18
25
14
36
4
784
450
40
2385
906
1512
7
5
1760
576
17
1575
24
1216
6
3
1005
1585
144
8
8
845
1615
1
20
950
204
12
38
171
2
2592
25
8
602
1184
17
208
1776
1775
220
2303
15
3
16
640
1169
2
4
7
7
